<?xml version="1.0" encoding="UTF-8"?>
<!-- Generated by org.testng.reporters.JUnitXMLReporter -->
<testsuite hostname="ZHOUJOSEPHdeMacBook-Air.local" name="Test(failed)" tests="10" failures="10" timestamp="25 May 2015 10:22:31 GMT" time="1.369" errors="0">
  <testcase name="post" time="1.086" classname="com.netease.thread.CreateThread">
    <failure type="junit.framework.AssertionFailedError" message="expected:&amp;lt;401&amp;gt; but was:&amp;lt;201&amp;gt;">
      <![CDATA[junit.framework.AssertionFailedError: expected:<401> but was:<201>
	at junit.framework.Assert.fail(Assert.java:50)
	at junit.framework.Assert.failNotEquals(Assert.java:287)
	at junit.framework.Assert.assertEquals(Assert.java:67)
	at junit.framework.Assert.assertEquals(Assert.java:74)
	at com.netease.thread.CreateThread.post(CreateThread.java:65)
... Removed 24 stack frames]]>
    </failure>
  </testcase> <!-- post -->
  <testcase name="post" time="0.025" classname="com.netease.thread.CreateThread">
    <failure type="junit.framework.AssertionFailedError" message="expected:&amp;lt;401&amp;gt; but was:&amp;lt;201&amp;gt;">
      <![CDATA[junit.framework.AssertionFailedError: expected:<401> but was:<201>
	at junit.framework.Assert.fail(Assert.java:50)
	at junit.framework.Assert.failNotEquals(Assert.java:287)
	at junit.framework.Assert.assertEquals(Assert.java:67)
	at junit.framework.Assert.assertEquals(Assert.java:74)
	at com.netease.thread.CreateThread.post(CreateThread.java:65)
... Removed 24 stack frames]]>
    </failure>
  </testcase> <!-- post -->
  <testcase name="post" time="0.028" classname="com.netease.thread.CreateThread">
    <failure type="junit.framework.AssertionFailedError" message="expected:&amp;lt;401&amp;gt; but was:&amp;lt;201&amp;gt;">
      <![CDATA[junit.framework.AssertionFailedError: expected:<401> but was:<201>
	at junit.framework.Assert.fail(Assert.java:50)
	at junit.framework.Assert.failNotEquals(Assert.java:287)
	at junit.framework.Assert.assertEquals(Assert.java:67)
	at junit.framework.Assert.assertEquals(Assert.java:74)
	at com.netease.thread.CreateThread.post(CreateThread.java:65)
... Removed 24 stack frames]]>
    </failure>
  </testcase> <!-- post -->
  <testcase name="post" time="0.023" classname="com.netease.thread.CreateThread">
    <failure type="junit.framework.AssertionFailedError" message="expected:&amp;lt;401&amp;gt; but was:&amp;lt;201&amp;gt;">
      <![CDATA[junit.framework.AssertionFailedError: expected:<401> but was:<201>
	at junit.framework.Assert.fail(Assert.java:50)
	at junit.framework.Assert.failNotEquals(Assert.java:287)
	at junit.framework.Assert.assertEquals(Assert.java:67)
	at junit.framework.Assert.assertEquals(Assert.java:74)
	at com.netease.thread.CreateThread.post(CreateThread.java:65)
... Removed 24 stack frames]]>
    </failure>
  </testcase> <!-- post -->
  <testcase name="post" time="0.025" classname="com.netease.thread.CreateThread">
    <failure type="junit.framework.AssertionFailedError" message="expected:&amp;lt;401&amp;gt; but was:&amp;lt;201&amp;gt;">
      <![CDATA[junit.framework.AssertionFailedError: expected:<401> but was:<201>
	at junit.framework.Assert.fail(Assert.java:50)
	at junit.framework.Assert.failNotEquals(Assert.java:287)
	at junit.framework.Assert.assertEquals(Assert.java:67)
	at junit.framework.Assert.assertEquals(Assert.java:74)
	at com.netease.thread.CreateThread.post(CreateThread.java:65)
... Removed 24 stack frames]]>
    </failure>
  </testcase> <!-- post -->
  <testcase name="post" time="0.035" classname="com.netease.thread.ModifyThread">
    <failure type="junit.framework.AssertionFailedError" message="expected:&amp;lt;201&amp;gt; but was:&amp;lt;401&amp;gt;">
      <![CDATA[junit.framework.AssertionFailedError: expected:<201> but was:<401>
	at junit.framework.Assert.fail(Assert.java:50)
	at junit.framework.Assert.failNotEquals(Assert.java:287)
	at junit.framework.Assert.assertEquals(Assert.java:67)
	at junit.framework.Assert.assertEquals(Assert.java:74)
	at com.netease.thread.ModifyThread.post(ModifyThread.java:68)
... Removed 24 stack frames]]>
    </failure>
  </testcase> <!-- post -->
  <testcase name="post" time="0.025" classname="com.netease.thread.ModifyThread">
    <failure type="junit.framework.AssertionFailedError" message="expected:&amp;lt;201&amp;gt; but was:&amp;lt;401&amp;gt;">
      <![CDATA[junit.framework.AssertionFailedError: expected:<201> but was:<401>
	at junit.framework.Assert.fail(Assert.java:50)
	at junit.framework.Assert.failNotEquals(Assert.java:287)
	at junit.framework.Assert.assertEquals(Assert.java:67)
	at junit.framework.Assert.assertEquals(Assert.java:74)
	at com.netease.thread.ModifyThread.post(ModifyThread.java:68)
... Removed 24 stack frames]]>
    </failure>
  </testcase> <!-- post -->
  <testcase name="post" time="0.028" classname="com.netease.thread.ModifyThread">
    <failure type="junit.framework.AssertionFailedError" message="expected:&amp;lt;201&amp;gt; but was:&amp;lt;401&amp;gt;">
      <![CDATA[junit.framework.AssertionFailedError: expected:<201> but was:<401>
	at junit.framework.Assert.fail(Assert.java:50)
	at junit.framework.Assert.failNotEquals(Assert.java:287)
	at junit.framework.Assert.assertEquals(Assert.java:67)
	at junit.framework.Assert.assertEquals(Assert.java:74)
	at com.netease.thread.ModifyThread.post(ModifyThread.java:68)
... Removed 24 stack frames]]>
    </failure>
  </testcase> <!-- post -->
  <testcase name="post" time="0.022" classname="com.netease.thread.ModifyThread">
    <failure type="junit.framework.AssertionFailedError" message="expected:&amp;lt;201&amp;gt; but was:&amp;lt;401&amp;gt;">
      <![CDATA[junit.framework.AssertionFailedError: expected:<201> but was:<401>
	at junit.framework.Assert.fail(Assert.java:50)
	at junit.framework.Assert.failNotEquals(Assert.java:287)
	at junit.framework.Assert.assertEquals(Assert.java:67)
	at junit.framework.Assert.assertEquals(Assert.java:74)
	at com.netease.thread.ModifyThread.post(ModifyThread.java:68)
... Removed 24 stack frames]]>
    </failure>
  </testcase> <!-- post -->
  <testcase name="post" time="0.027" classname="com.netease.thread.ModifyThread">
    <failure type="junit.framework.AssertionFailedError" message="expected:&amp;lt;201&amp;gt; but was:&amp;lt;401&amp;gt;">
      <![CDATA[junit.framework.AssertionFailedError: expected:<201> but was:<401>
	at junit.framework.Assert.fail(Assert.java:50)
	at junit.framework.Assert.failNotEquals(Assert.java:287)
	at junit.framework.Assert.assertEquals(Assert.java:67)
	at junit.framework.Assert.assertEquals(Assert.java:74)
	at com.netease.thread.ModifyThread.post(ModifyThread.java:68)
... Removed 24 stack frames]]>
    </failure>
  </testcase> <!-- post -->
</testsuite> <!-- Test(failed) -->
