<html>
<head>
<title>TestNG:  Test</title>
<link href="../testng.css" rel="stylesheet" type="text/css" />
<link href="../my-testng.css" rel="stylesheet" type="text/css" />

<style type="text/css">
.log { display: none;} 
.stack-trace { display: none;} 
</style>
<script type="text/javascript">
<!--
function flip(e) {
  current = e.style.display;
  if (current == 'block') {
    e.style.display = 'none';
    return 0;
  }
  else {
    e.style.display = 'block';
    return 1;
  }
}

function toggleBox(szDivId, elem, msg1, msg2)
{
  var res = -1;  if (document.getElementById) {
    res = flip(document.getElementById(szDivId));
  }
  else if (document.all) {
    // this is the way old msie versions work
    res = flip(document.all[szDivId]);
  }
  if(elem) {
    if(res == 0) elem.innerHTML = msg1; else elem.innerHTML = msg2;
  }

}

function toggleAllBoxes() {
  if (document.getElementsByTagName) {
    d = document.getElementsByTagName('div');
    for (i = 0; i < d.length; i++) {
      if (d[i].className == 'log') {
        flip(d[i]);
      }
    }
  }
}

// -->
</script>

</head>
<body>
<h2 align='center'>Test</h2><table border='1' align="center">
<tr>
<td>Tests passed/Failed/Skipped:</td><td>170/19/0</td>
</tr><tr>
<td>Started on:</td><td>Wed Jun 03 15:32:01 CST 2015</td>
</tr>
<tr><td>Total time:</td><td>10 seconds (10850 ms)</td>
</tr><tr>
<td>Included groups:</td><td></td>
</tr><tr>
<td>Excluded groups:</td><td></td>
</tr>
</table><p/>
<small><i>(Hover the method name to see the test class name)</i></small><p/>
<table width='100%' border='1' class='invocation-failed'>
<tr><td colspan='4' align='center'><b>FAILED TESTS</b></td></tr>
<tr><td><b>Test method</b></td>
<td width="30%"><b>Exception</b></td>
<td width="10%"><b>Time (seconds)</b></td>
<td><b>Instance</b></td>
</tr>
<tr>
<td title='com.netease.comment.AgainstComment.againstComment()'><b>againstComment</b><br>Test class: com.netease.comment.AgainstComment<br>Parameters: A014A5A11001768D, eecc698764a1403d846bef6f9a01d90d, 153697, 200</td>
<td><div><pre>java.lang.AssertionError: expected:&lt;200&gt; but was:&lt;404&gt;
	at com.netease.util.ReturnCheck.returnCheck(ReturnCheck.java:42)
	at com.netease.util.HttpRequest.httpPostRequest(HttpRequest.java:81)
	at com.netease.comment.AgainstComment.againstComment(AgainstComment.java:17)
	at org.apache.maven.surefire.testng.TestNGExecutor.run(TestNGExecutor.java:77)
	at org.apache.maven.surefire.testng.TestNGXmlTestSuite.execute(TestNGXmlTestSuite.java:92)
	at org.apache.maven.surefire.Surefire.run(Surefire.java:177)
	at org.apache.maven.surefire.booter.SurefireBooter.runSuitesInProcess(SurefireBooter.java:334)
	at org.apache.maven.surefire.booter.SurefireBooter.main(SurefireBooter.java:980)
... Removed 30 stack frames</pre></div><a href='#' onClick='toggleBox("stack-trace1984975621", this, "Click to show all stack frames", "Click to hide stack frames")'>Click to show all stack frames</a>
<div class='stack-trace' id='stack-trace1984975621'><pre>java.lang.AssertionError: expected:&lt;200&gt; but was:&lt;404&gt;
	at org.testng.Assert.fail(Assert.java:89)
	at org.testng.Assert.failNotEquals(Assert.java:489)
	at org.testng.Assert.assertEquals(Assert.java:118)
	at org.testng.Assert.assertEquals(Assert.java:171)
	at org.testng.Assert.assertEquals(Assert.java:181)
	at com.netease.util.ReturnCheck.returnCheck(ReturnCheck.java:42)
	at com.netease.util.HttpRequest.httpPostRequest(HttpRequest.java:81)
	at com.netease.comment.AgainstComment.againstComment(AgainstComment.java:17)
	at sun.reflect.NativeMethodAccessorImpl.invoke0(Native Method)
	at sun.reflect.NativeMethodAccessorImpl.invoke(NativeMethodAccessorImpl.java:62)
	at sun.reflect.DelegatingMethodAccessorImpl.invoke(DelegatingMethodAccessorImpl.java:43)
	at java.lang.reflect.Method.invoke(Method.java:497)
	at org.testng.internal.MethodInvocationHelper.invokeMethod(MethodInvocationHelper.java:80)
	at org.testng.internal.Invoker.invokeMethod(Invoker.java:701)
	at org.testng.internal.Invoker.invokeTestMethod(Invoker.java:893)
	at org.testng.internal.Invoker.invokeTestMethods(Invoker.java:1218)
	at org.testng.internal.TestMethodWorker.invokeTestMethods(TestMethodWorker.java:127)
	at org.testng.internal.TestMethodWorker.run(TestMethodWorker.java:111)
	at org.testng.TestRunner.privateRun(TestRunner.java:758)
	at org.testng.TestRunner.run(TestRunner.java:613)
	at org.testng.SuiteRunner.runTest(SuiteRunner.java:334)
	at org.testng.SuiteRunner.runSequentially(SuiteRunner.java:329)
	at org.testng.SuiteRunner.privateRun(SuiteRunner.java:291)
	at org.testng.SuiteRunner.run(SuiteRunner.java:240)
	at org.testng.SuiteRunnerWorker.runSuite(SuiteRunnerWorker.java:53)
	at org.testng.SuiteRunnerWorker.run(SuiteRunnerWorker.java:87)
	at org.testng.TestNG.runSuitesSequentially(TestNG.java:1170)
	at org.testng.TestNG.runSuitesLocally(TestNG.java:1095)
	at org.testng.TestNG.run(TestNG.java:1007)
	at org.apache.maven.surefire.testng.TestNGExecutor.run(TestNGExecutor.java:77)
	at org.apache.maven.surefire.testng.TestNGXmlTestSuite.execute(TestNGXmlTestSuite.java:92)
	at org.apache.maven.surefire.Surefire.run(Surefire.java:177)
	at sun.reflect.NativeMethodAccessorImpl.invoke0(Native Method)
	at sun.reflect.NativeMethodAccessorImpl.invoke(NativeMethodAccessorImpl.java:62)
	at sun.reflect.DelegatingMethodAccessorImpl.invoke(DelegatingMethodAccessorImpl.java:43)
	at java.lang.reflect.Method.invoke(Method.java:497)
	at org.apache.maven.surefire.booter.SurefireBooter.runSuitesInProcess(SurefireBooter.java:334)
	at org.apache.maven.surefire.booter.SurefireBooter.main(SurefireBooter.java:980)
</pre></div></td>
<td>0</td>
<td>com.netease.comment.AgainstComment@2d209079</td></tr>
<tr>
<td title='com.netease.comment.CreateComment.createComment()'><b>createComment</b><br>Test class: com.netease.comment.CreateComment<br>Parameters: eecc698764a1403d846bef6f9a01d90d, A014A5A11001768D, false, contenttest1, 153697, imageurlaaaa, extsssssssss, 201</td>
<td><div><pre>java.lang.AssertionError: expected:&lt;201&gt; but was:&lt;404&gt;
	at com.netease.util.ReturnCheck.returnCheck(ReturnCheck.java:42)
	at com.netease.comment.CreateComment.createComment(CreateComment.java:48)
	at org.apache.maven.surefire.testng.TestNGExecutor.run(TestNGExecutor.java:77)
	at org.apache.maven.surefire.testng.TestNGXmlTestSuite.execute(TestNGXmlTestSuite.java:92)
	at org.apache.maven.surefire.Surefire.run(Surefire.java:177)
	at org.apache.maven.surefire.booter.SurefireBooter.runSuitesInProcess(SurefireBooter.java:334)
	at org.apache.maven.surefire.booter.SurefireBooter.main(SurefireBooter.java:980)
... Removed 30 stack frames</pre></div><a href='#' onClick='toggleBox("stack-trace1011279482", this, "Click to show all stack frames", "Click to hide stack frames")'>Click to show all stack frames</a>
<div class='stack-trace' id='stack-trace1011279482'><pre>java.lang.AssertionError: expected:&lt;201&gt; but was:&lt;404&gt;
	at org.testng.Assert.fail(Assert.java:89)
	at org.testng.Assert.failNotEquals(Assert.java:489)
	at org.testng.Assert.assertEquals(Assert.java:118)
	at org.testng.Assert.assertEquals(Assert.java:171)
	at org.testng.Assert.assertEquals(Assert.java:181)
	at com.netease.util.ReturnCheck.returnCheck(ReturnCheck.java:42)
	at com.netease.comment.CreateComment.createComment(CreateComment.java:48)
	at sun.reflect.NativeMethodAccessorImpl.invoke0(Native Method)
	at sun.reflect.NativeMethodAccessorImpl.invoke(NativeMethodAccessorImpl.java:62)
	at sun.reflect.DelegatingMethodAccessorImpl.invoke(DelegatingMethodAccessorImpl.java:43)
	at java.lang.reflect.Method.invoke(Method.java:497)
	at org.testng.internal.MethodInvocationHelper.invokeMethod(MethodInvocationHelper.java:80)
	at org.testng.internal.Invoker.invokeMethod(Invoker.java:701)
	at org.testng.internal.Invoker.invokeTestMethod(Invoker.java:893)
	at org.testng.internal.Invoker.invokeTestMethods(Invoker.java:1218)
	at org.testng.internal.TestMethodWorker.invokeTestMethods(TestMethodWorker.java:127)
	at org.testng.internal.TestMethodWorker.run(TestMethodWorker.java:111)
	at org.testng.TestRunner.privateRun(TestRunner.java:758)
	at org.testng.TestRunner.run(TestRunner.java:613)
	at org.testng.SuiteRunner.runTest(SuiteRunner.java:334)
	at org.testng.SuiteRunner.runSequentially(SuiteRunner.java:329)
	at org.testng.SuiteRunner.privateRun(SuiteRunner.java:291)
	at org.testng.SuiteRunner.run(SuiteRunner.java:240)
	at org.testng.SuiteRunnerWorker.runSuite(SuiteRunnerWorker.java:53)
	at org.testng.SuiteRunnerWorker.run(SuiteRunnerWorker.java:87)
	at org.testng.TestNG.runSuitesSequentially(TestNG.java:1170)
	at org.testng.TestNG.runSuitesLocally(TestNG.java:1095)
	at org.testng.TestNG.run(TestNG.java:1007)
	at org.apache.maven.surefire.testng.TestNGExecutor.run(TestNGExecutor.java:77)
	at org.apache.maven.surefire.testng.TestNGXmlTestSuite.execute(TestNGXmlTestSuite.java:92)
	at org.apache.maven.surefire.Surefire.run(Surefire.java:177)
	at sun.reflect.NativeMethodAccessorImpl.invoke0(Native Method)
	at sun.reflect.NativeMethodAccessorImpl.invoke(NativeMethodAccessorImpl.java:62)
	at sun.reflect.DelegatingMethodAccessorImpl.invoke(DelegatingMethodAccessorImpl.java:43)
	at java.lang.reflect.Method.invoke(Method.java:497)
	at org.apache.maven.surefire.booter.SurefireBooter.runSuitesInProcess(SurefireBooter.java:334)
	at org.apache.maven.surefire.booter.SurefireBooter.main(SurefireBooter.java:980)
</pre></div></td>
<td>0</td>
<td>com.netease.comment.CreateComment@48140564</td></tr>
<tr>
<td title='com.netease.comment.CreateComment.createComment()'><b>createComment</b><br>Test class: com.netease.comment.CreateComment<br>Parameters: eecc698764a1403d846bef6f9a01d90d, A014A5A11001768D, true, contenttest3, 153697, imageurlaaaa, extsssssssss, 201</td>
<td><div><pre>java.lang.AssertionError: expected:&lt;201&gt; but was:&lt;404&gt;
	at com.netease.util.ReturnCheck.returnCheck(ReturnCheck.java:42)
	at com.netease.comment.CreateComment.createComment(CreateComment.java:48)
	at org.apache.maven.surefire.testng.TestNGExecutor.run(TestNGExecutor.java:77)
	at org.apache.maven.surefire.testng.TestNGXmlTestSuite.execute(TestNGXmlTestSuite.java:92)
	at org.apache.maven.surefire.Surefire.run(Surefire.java:177)
	at org.apache.maven.surefire.booter.SurefireBooter.runSuitesInProcess(SurefireBooter.java:334)
	at org.apache.maven.surefire.booter.SurefireBooter.main(SurefireBooter.java:980)
... Removed 30 stack frames</pre></div><a href='#' onClick='toggleBox("stack-trace921420643", this, "Click to show all stack frames", "Click to hide stack frames")'>Click to show all stack frames</a>
<div class='stack-trace' id='stack-trace921420643'><pre>java.lang.AssertionError: expected:&lt;201&gt; but was:&lt;404&gt;
	at org.testng.Assert.fail(Assert.java:89)
	at org.testng.Assert.failNotEquals(Assert.java:489)
	at org.testng.Assert.assertEquals(Assert.java:118)
	at org.testng.Assert.assertEquals(Assert.java:171)
	at org.testng.Assert.assertEquals(Assert.java:181)
	at com.netease.util.ReturnCheck.returnCheck(ReturnCheck.java:42)
	at com.netease.comment.CreateComment.createComment(CreateComment.java:48)
	at sun.reflect.NativeMethodAccessorImpl.invoke0(Native Method)
	at sun.reflect.NativeMethodAccessorImpl.invoke(NativeMethodAccessorImpl.java:62)
	at sun.reflect.DelegatingMethodAccessorImpl.invoke(DelegatingMethodAccessorImpl.java:43)
	at java.lang.reflect.Method.invoke(Method.java:497)
	at org.testng.internal.MethodInvocationHelper.invokeMethod(MethodInvocationHelper.java:80)
	at org.testng.internal.Invoker.invokeMethod(Invoker.java:701)
	at org.testng.internal.Invoker.invokeTestMethod(Invoker.java:893)
	at org.testng.internal.Invoker.invokeTestMethods(Invoker.java:1218)
	at org.testng.internal.TestMethodWorker.invokeTestMethods(TestMethodWorker.java:127)
	at org.testng.internal.TestMethodWorker.run(TestMethodWorker.java:111)
	at org.testng.TestRunner.privateRun(TestRunner.java:758)
	at org.testng.TestRunner.run(TestRunner.java:613)
	at org.testng.SuiteRunner.runTest(SuiteRunner.java:334)
	at org.testng.SuiteRunner.runSequentially(SuiteRunner.java:329)
	at org.testng.SuiteRunner.privateRun(SuiteRunner.java:291)
	at org.testng.SuiteRunner.run(SuiteRunner.java:240)
	at org.testng.SuiteRunnerWorker.runSuite(SuiteRunnerWorker.java:53)
	at org.testng.SuiteRunnerWorker.run(SuiteRunnerWorker.java:87)
	at org.testng.TestNG.runSuitesSequentially(TestNG.java:1170)
	at org.testng.TestNG.runSuitesLocally(TestNG.java:1095)
	at org.testng.TestNG.run(TestNG.java:1007)
	at org.apache.maven.surefire.testng.TestNGExecutor.run(TestNGExecutor.java:77)
	at org.apache.maven.surefire.testng.TestNGXmlTestSuite.execute(TestNGXmlTestSuite.java:92)
	at org.apache.maven.surefire.Surefire.run(Surefire.java:177)
	at sun.reflect.NativeMethodAccessorImpl.invoke0(Native Method)
	at sun.reflect.NativeMethodAccessorImpl.invoke(NativeMethodAccessorImpl.java:62)
	at sun.reflect.DelegatingMethodAccessorImpl.invoke(DelegatingMethodAccessorImpl.java:43)
	at java.lang.reflect.Method.invoke(Method.java:497)
	at org.apache.maven.surefire.booter.SurefireBooter.runSuitesInProcess(SurefireBooter.java:334)
	at org.apache.maven.surefire.booter.SurefireBooter.main(SurefireBooter.java:980)
</pre></div></td>
<td>0</td>
<td>com.netease.comment.CreateComment@48140564</td></tr>
<tr>
<td title='com.netease.comment.CreateComment.createComment()'><b>createComment</b><br>Test class: com.netease.comment.CreateComment<br>Parameters: eecc698764a1403d846bef6f9a01d90d, A014A5A11001768D, false, , 153697, imageurlaaaa, extsssssssss, 422</td>
<td><div><pre>java.lang.AssertionError: expected:&lt;422&gt; but was:&lt;404&gt;
	at com.netease.util.ReturnCheck.returnCheck(ReturnCheck.java:42)
	at com.netease.comment.CreateComment.createComment(CreateComment.java:48)
	at org.apache.maven.surefire.testng.TestNGExecutor.run(TestNGExecutor.java:77)
	at org.apache.maven.surefire.testng.TestNGXmlTestSuite.execute(TestNGXmlTestSuite.java:92)
	at org.apache.maven.surefire.Surefire.run(Surefire.java:177)
	at org.apache.maven.surefire.booter.SurefireBooter.runSuitesInProcess(SurefireBooter.java:334)
	at org.apache.maven.surefire.booter.SurefireBooter.main(SurefireBooter.java:980)
... Removed 30 stack frames</pre></div><a href='#' onClick='toggleBox("stack-trace1010953501", this, "Click to show all stack frames", "Click to hide stack frames")'>Click to show all stack frames</a>
<div class='stack-trace' id='stack-trace1010953501'><pre>java.lang.AssertionError: expected:&lt;422&gt; but was:&lt;404&gt;
	at org.testng.Assert.fail(Assert.java:89)
	at org.testng.Assert.failNotEquals(Assert.java:489)
	at org.testng.Assert.assertEquals(Assert.java:118)
	at org.testng.Assert.assertEquals(Assert.java:171)
	at org.testng.Assert.assertEquals(Assert.java:181)
	at com.netease.util.ReturnCheck.returnCheck(ReturnCheck.java:42)
	at com.netease.comment.CreateComment.createComment(CreateComment.java:48)
	at sun.reflect.NativeMethodAccessorImpl.invoke0(Native Method)
	at sun.reflect.NativeMethodAccessorImpl.invoke(NativeMethodAccessorImpl.java:62)
	at sun.reflect.DelegatingMethodAccessorImpl.invoke(DelegatingMethodAccessorImpl.java:43)
	at java.lang.reflect.Method.invoke(Method.java:497)
	at org.testng.internal.MethodInvocationHelper.invokeMethod(MethodInvocationHelper.java:80)
	at org.testng.internal.Invoker.invokeMethod(Invoker.java:701)
	at org.testng.internal.Invoker.invokeTestMethod(Invoker.java:893)
	at org.testng.internal.Invoker.invokeTestMethods(Invoker.java:1218)
	at org.testng.internal.TestMethodWorker.invokeTestMethods(TestMethodWorker.java:127)
	at org.testng.internal.TestMethodWorker.run(TestMethodWorker.java:111)
	at org.testng.TestRunner.privateRun(TestRunner.java:758)
	at org.testng.TestRunner.run(TestRunner.java:613)
	at org.testng.SuiteRunner.runTest(SuiteRunner.java:334)
	at org.testng.SuiteRunner.runSequentially(SuiteRunner.java:329)
	at org.testng.SuiteRunner.privateRun(SuiteRunner.java:291)
	at org.testng.SuiteRunner.run(SuiteRunner.java:240)
	at org.testng.SuiteRunnerWorker.runSuite(SuiteRunnerWorker.java:53)
	at org.testng.SuiteRunnerWorker.run(SuiteRunnerWorker.java:87)
	at org.testng.TestNG.runSuitesSequentially(TestNG.java:1170)
	at org.testng.TestNG.runSuitesLocally(TestNG.java:1095)
	at org.testng.TestNG.run(TestNG.java:1007)
	at org.apache.maven.surefire.testng.TestNGExecutor.run(TestNGExecutor.java:77)
	at org.apache.maven.surefire.testng.TestNGXmlTestSuite.execute(TestNGXmlTestSuite.java:92)
	at org.apache.maven.surefire.Surefire.run(Surefire.java:177)
	at sun.reflect.NativeMethodAccessorImpl.invoke0(Native Method)
	at sun.reflect.NativeMethodAccessorImpl.invoke(NativeMethodAccessorImpl.java:62)
	at sun.reflect.DelegatingMethodAccessorImpl.invoke(DelegatingMethodAccessorImpl.java:43)
	at java.lang.reflect.Method.invoke(Method.java:497)
	at org.apache.maven.surefire.booter.SurefireBooter.runSuitesInProcess(SurefireBooter.java:334)
	at org.apache.maven.surefire.booter.SurefireBooter.main(SurefireBooter.java:980)
</pre></div></td>
<td>0</td>
<td>com.netease.comment.CreateComment@48140564</td></tr>
<tr>
<td title='com.netease.comment.CreateComment.createComment()'><b>createComment</b><br>Test class: com.netease.comment.CreateComment<br>Parameters: eecc698764a1403d846bef6f9a01d90d, A014A5A11001768D, true, contenttest3, 153697, imageurlaaaa, , 201</td>
<td><div><pre>java.lang.AssertionError: expected:&lt;201&gt; but was:&lt;404&gt;
	at com.netease.util.ReturnCheck.returnCheck(ReturnCheck.java:42)
	at com.netease.comment.CreateComment.createComment(CreateComment.java:48)
	at org.apache.maven.surefire.testng.TestNGExecutor.run(TestNGExecutor.java:77)
	at org.apache.maven.surefire.testng.TestNGXmlTestSuite.execute(TestNGXmlTestSuite.java:92)
	at org.apache.maven.surefire.Surefire.run(Surefire.java:177)
	at org.apache.maven.surefire.booter.SurefireBooter.runSuitesInProcess(SurefireBooter.java:334)
	at org.apache.maven.surefire.booter.SurefireBooter.main(SurefireBooter.java:980)
... Removed 30 stack frames</pre></div><a href='#' onClick='toggleBox("stack-trace1785507932", this, "Click to show all stack frames", "Click to hide stack frames")'>Click to show all stack frames</a>
<div class='stack-trace' id='stack-trace1785507932'><pre>java.lang.AssertionError: expected:&lt;201&gt; but was:&lt;404&gt;
	at org.testng.Assert.fail(Assert.java:89)
	at org.testng.Assert.failNotEquals(Assert.java:489)
	at org.testng.Assert.assertEquals(Assert.java:118)
	at org.testng.Assert.assertEquals(Assert.java:171)
	at org.testng.Assert.assertEquals(Assert.java:181)
	at com.netease.util.ReturnCheck.returnCheck(ReturnCheck.java:42)
	at com.netease.comment.CreateComment.createComment(CreateComment.java:48)
	at sun.reflect.NativeMethodAccessorImpl.invoke0(Native Method)
	at sun.reflect.NativeMethodAccessorImpl.invoke(NativeMethodAccessorImpl.java:62)
	at sun.reflect.DelegatingMethodAccessorImpl.invoke(DelegatingMethodAccessorImpl.java:43)
	at java.lang.reflect.Method.invoke(Method.java:497)
	at org.testng.internal.MethodInvocationHelper.invokeMethod(MethodInvocationHelper.java:80)
	at org.testng.internal.Invoker.invokeMethod(Invoker.java:701)
	at org.testng.internal.Invoker.invokeTestMethod(Invoker.java:893)
	at org.testng.internal.Invoker.invokeTestMethods(Invoker.java:1218)
	at org.testng.internal.TestMethodWorker.invokeTestMethods(TestMethodWorker.java:127)
	at org.testng.internal.TestMethodWorker.run(TestMethodWorker.java:111)
	at org.testng.TestRunner.privateRun(TestRunner.java:758)
	at org.testng.TestRunner.run(TestRunner.java:613)
	at org.testng.SuiteRunner.runTest(SuiteRunner.java:334)
	at org.testng.SuiteRunner.runSequentially(SuiteRunner.java:329)
	at org.testng.SuiteRunner.privateRun(SuiteRunner.java:291)
	at org.testng.SuiteRunner.run(SuiteRunner.java:240)
	at org.testng.SuiteRunnerWorker.runSuite(SuiteRunnerWorker.java:53)
	at org.testng.SuiteRunnerWorker.run(SuiteRunnerWorker.java:87)
	at org.testng.TestNG.runSuitesSequentially(TestNG.java:1170)
	at org.testng.TestNG.runSuitesLocally(TestNG.java:1095)
	at org.testng.TestNG.run(TestNG.java:1007)
	at org.apache.maven.surefire.testng.TestNGExecutor.run(TestNGExecutor.java:77)
	at org.apache.maven.surefire.testng.TestNGXmlTestSuite.execute(TestNGXmlTestSuite.java:92)
	at org.apache.maven.surefire.Surefire.run(Surefire.java:177)
	at sun.reflect.NativeMethodAccessorImpl.invoke0(Native Method)
	at sun.reflect.NativeMethodAccessorImpl.invoke(NativeMethodAccessorImpl.java:62)
	at sun.reflect.DelegatingMethodAccessorImpl.invoke(DelegatingMethodAccessorImpl.java:43)
	at java.lang.reflect.Method.invoke(Method.java:497)
	at org.apache.maven.surefire.booter.SurefireBooter.runSuitesInProcess(SurefireBooter.java:334)
	at org.apache.maven.surefire.booter.SurefireBooter.main(SurefireBooter.java:980)
</pre></div></td>
<td>0</td>
<td>com.netease.comment.CreateComment@48140564</td></tr>
<tr>
<td title='com.netease.comment.CreateComment.createComment()'><b>createComment</b><br>Test class: com.netease.comment.CreateComment<br>Parameters: eecc698764a1403d846bef6f9a01d90d, A014A5A11001768D, false, 中文, 153697, imageurlaaaa, extsssssssss, 201</td>
<td><div><pre>java.lang.AssertionError: expected:&lt;201&gt; but was:&lt;404&gt;
	at com.netease.util.ReturnCheck.returnCheck(ReturnCheck.java:42)
	at com.netease.comment.CreateComment.createComment(CreateComment.java:48)
	at org.apache.maven.surefire.testng.TestNGExecutor.run(TestNGExecutor.java:77)
	at org.apache.maven.surefire.testng.TestNGXmlTestSuite.execute(TestNGXmlTestSuite.java:92)
	at org.apache.maven.surefire.Surefire.run(Surefire.java:177)
	at org.apache.maven.surefire.booter.SurefireBooter.runSuitesInProcess(SurefireBooter.java:334)
	at org.apache.maven.surefire.booter.SurefireBooter.main(SurefireBooter.java:980)
... Removed 30 stack frames</pre></div><a href='#' onClick='toggleBox("stack-trace587153993", this, "Click to show all stack frames", "Click to hide stack frames")'>Click to show all stack frames</a>
<div class='stack-trace' id='stack-trace587153993'><pre>java.lang.AssertionError: expected:&lt;201&gt; but was:&lt;404&gt;
	at org.testng.Assert.fail(Assert.java:89)
	at org.testng.Assert.failNotEquals(Assert.java:489)
	at org.testng.Assert.assertEquals(Assert.java:118)
	at org.testng.Assert.assertEquals(Assert.java:171)
	at org.testng.Assert.assertEquals(Assert.java:181)
	at com.netease.util.ReturnCheck.returnCheck(ReturnCheck.java:42)
	at com.netease.comment.CreateComment.createComment(CreateComment.java:48)
	at sun.reflect.NativeMethodAccessorImpl.invoke0(Native Method)
	at sun.reflect.NativeMethodAccessorImpl.invoke(NativeMethodAccessorImpl.java:62)
	at sun.reflect.DelegatingMethodAccessorImpl.invoke(DelegatingMethodAccessorImpl.java:43)
	at java.lang.reflect.Method.invoke(Method.java:497)
	at org.testng.internal.MethodInvocationHelper.invokeMethod(MethodInvocationHelper.java:80)
	at org.testng.internal.Invoker.invokeMethod(Invoker.java:701)
	at org.testng.internal.Invoker.invokeTestMethod(Invoker.java:893)
	at org.testng.internal.Invoker.invokeTestMethods(Invoker.java:1218)
	at org.testng.internal.TestMethodWorker.invokeTestMethods(TestMethodWorker.java:127)
	at org.testng.internal.TestMethodWorker.run(TestMethodWorker.java:111)
	at org.testng.TestRunner.privateRun(TestRunner.java:758)
	at org.testng.TestRunner.run(TestRunner.java:613)
	at org.testng.SuiteRunner.runTest(SuiteRunner.java:334)
	at org.testng.SuiteRunner.runSequentially(SuiteRunner.java:329)
	at org.testng.SuiteRunner.privateRun(SuiteRunner.java:291)
	at org.testng.SuiteRunner.run(SuiteRunner.java:240)
	at org.testng.SuiteRunnerWorker.runSuite(SuiteRunnerWorker.java:53)
	at org.testng.SuiteRunnerWorker.run(SuiteRunnerWorker.java:87)
	at org.testng.TestNG.runSuitesSequentially(TestNG.java:1170)
	at org.testng.TestNG.runSuitesLocally(TestNG.java:1095)
	at org.testng.TestNG.run(TestNG.java:1007)
	at org.apache.maven.surefire.testng.TestNGExecutor.run(TestNGExecutor.java:77)
	at org.apache.maven.surefire.testng.TestNGXmlTestSuite.execute(TestNGXmlTestSuite.java:92)
	at org.apache.maven.surefire.Surefire.run(Surefire.java:177)
	at sun.reflect.NativeMethodAccessorImpl.invoke0(Native Method)
	at sun.reflect.NativeMethodAccessorImpl.invoke(NativeMethodAccessorImpl.java:62)
	at sun.reflect.DelegatingMethodAccessorImpl.invoke(DelegatingMethodAccessorImpl.java:43)
	at java.lang.reflect.Method.invoke(Method.java:497)
	at org.apache.maven.surefire.booter.SurefireBooter.runSuitesInProcess(SurefireBooter.java:334)
	at org.apache.maven.surefire.booter.SurefireBooter.main(SurefireBooter.java:980)
</pre></div></td>
<td>0</td>
<td>com.netease.comment.CreateComment@48140564</td></tr>
<tr>
<td title='com.netease.comment.CreateComment.createComment()'><b>createComment</b><br>Test class: com.netease.comment.CreateComment<br>Parameters: eecc698764a1403d846bef6f9a01d90d, A014A5A11001768D, true, contenttest3, 153697, imageurlaaaa, 中文, 201</td>
<td><div><pre>java.lang.AssertionError: expected:&lt;201&gt; but was:&lt;404&gt;
	at com.netease.util.ReturnCheck.returnCheck(ReturnCheck.java:42)
	at com.netease.comment.CreateComment.createComment(CreateComment.java:48)
	at org.apache.maven.surefire.testng.TestNGExecutor.run(TestNGExecutor.java:77)
	at org.apache.maven.surefire.testng.TestNGXmlTestSuite.execute(TestNGXmlTestSuite.java:92)
	at org.apache.maven.surefire.Surefire.run(Surefire.java:177)
	at org.apache.maven.surefire.booter.SurefireBooter.runSuitesInProcess(SurefireBooter.java:334)
	at org.apache.maven.surefire.booter.SurefireBooter.main(SurefireBooter.java:980)
... Removed 30 stack frames</pre></div><a href='#' onClick='toggleBox("stack-trace18242360", this, "Click to show all stack frames", "Click to hide stack frames")'>Click to show all stack frames</a>
<div class='stack-trace' id='stack-trace18242360'><pre>java.lang.AssertionError: expected:&lt;201&gt; but was:&lt;404&gt;
	at org.testng.Assert.fail(Assert.java:89)
	at org.testng.Assert.failNotEquals(Assert.java:489)
	at org.testng.Assert.assertEquals(Assert.java:118)
	at org.testng.Assert.assertEquals(Assert.java:171)
	at org.testng.Assert.assertEquals(Assert.java:181)
	at com.netease.util.ReturnCheck.returnCheck(ReturnCheck.java:42)
	at com.netease.comment.CreateComment.createComment(CreateComment.java:48)
	at sun.reflect.NativeMethodAccessorImpl.invoke0(Native Method)
	at sun.reflect.NativeMethodAccessorImpl.invoke(NativeMethodAccessorImpl.java:62)
	at sun.reflect.DelegatingMethodAccessorImpl.invoke(DelegatingMethodAccessorImpl.java:43)
	at java.lang.reflect.Method.invoke(Method.java:497)
	at org.testng.internal.MethodInvocationHelper.invokeMethod(MethodInvocationHelper.java:80)
	at org.testng.internal.Invoker.invokeMethod(Invoker.java:701)
	at org.testng.internal.Invoker.invokeTestMethod(Invoker.java:893)
	at org.testng.internal.Invoker.invokeTestMethods(Invoker.java:1218)
	at org.testng.internal.TestMethodWorker.invokeTestMethods(TestMethodWorker.java:127)
	at org.testng.internal.TestMethodWorker.run(TestMethodWorker.java:111)
	at org.testng.TestRunner.privateRun(TestRunner.java:758)
	at org.testng.TestRunner.run(TestRunner.java:613)
	at org.testng.SuiteRunner.runTest(SuiteRunner.java:334)
	at org.testng.SuiteRunner.runSequentially(SuiteRunner.java:329)
	at org.testng.SuiteRunner.privateRun(SuiteRunner.java:291)
	at org.testng.SuiteRunner.run(SuiteRunner.java:240)
	at org.testng.SuiteRunnerWorker.runSuite(SuiteRunnerWorker.java:53)
	at org.testng.SuiteRunnerWorker.run(SuiteRunnerWorker.java:87)
	at org.testng.TestNG.runSuitesSequentially(TestNG.java:1170)
	at org.testng.TestNG.runSuitesLocally(TestNG.java:1095)
	at org.testng.TestNG.run(TestNG.java:1007)
	at org.apache.maven.surefire.testng.TestNGExecutor.run(TestNGExecutor.java:77)
	at org.apache.maven.surefire.testng.TestNGXmlTestSuite.execute(TestNGXmlTestSuite.java:92)
	at org.apache.maven.surefire.Surefire.run(Surefire.java:177)
	at sun.reflect.NativeMethodAccessorImpl.invoke0(Native Method)
	at sun.reflect.NativeMethodAccessorImpl.invoke(NativeMethodAccessorImpl.java:62)
	at sun.reflect.DelegatingMethodAccessorImpl.invoke(DelegatingMethodAccessorImpl.java:43)
	at java.lang.reflect.Method.invoke(Method.java:497)
	at org.apache.maven.surefire.booter.SurefireBooter.runSuitesInProcess(SurefireBooter.java:334)
	at org.apache.maven.surefire.booter.SurefireBooter.main(SurefireBooter.java:980)
</pre></div></td>
<td>0</td>
<td>com.netease.comment.CreateComment@48140564</td></tr>
<tr>
<td title='com.netease.comment.CreateComment.createComment()'><b>createComment</b><br>Test class: com.netease.comment.CreateComment<br>Parameters: eecc698764a1403d846bef6f9a01d90d, A014A5A11001768D, false, 一千字测试一千字测试一千字测试一千字测试一千字测试一千字测试一千字测试一千字测试一千字测试一千字测试一千字测试一千字测试一千字测试一千字测试一千字测试一千字测试一千字测试一千字测试一千字测试一千字测试一千字测试一千字测试一千字测试一千字测试一千字测试一千字测试一千字测试一千字测试一千字测试一千字测试一千字测试一千字测试一千字测试一千字测试一千字测试一千字测试一千字测试一千字测试一千字测试一千字测试一千字测试一千字测试一千字测试一千字测试一千字测试一千字测试一千字测试一千字测试一千字测试一千字测试一千字测试一千字测试一千字测试一千字测试一千字测试一千字测试一千字测试一千字测试一千字测试一千字测试一千字测试一千字测试一千字测试一千字测试一千字测试一千字测试一千字测试一千字测试一千字测试一千字测试一千字测试一千字测试一千字测试一千字测试一千字测试一千字测试一千字测试一千字测试一千字测试一千字测试一千字测试一千字测试一千字测试一千字测试一千字测试一千字测试一千字测试一千字测试一千字测试一千字测试一千字测试一千字测试一千字测试一千字测试一千字测试一千字测试一千字测试一千字测试一千字测试一千字测试一千字测试一千字测试一千字测试一千字测试一千字测试一千字测试一千字测试一千字测试一千字测试一千字测试一千字测试一千字测试一千字测试一千字测试一千字测试一千字测试一千字测试一千字测试一千字测试一千字测试一千字测试一千字测试一千字测试一千字测试一千字测试一千字测试一千字测试一千字测试一千字测试一千字测试一千字测试一千字测试一千字测试一千字测试一千字测试一千字测试一千字测试一千字测试一千字测试一千字测试一千字测试一千字测试一千字测试一千字测试一千字测试一千字测试一千字测试一千字测试一千字测试一千字测试一千字测试一千字测试一千字测试一千字测试一千字测试一千字测试一千字测试一千字测试一千字测试一千字测试一千字测试一千字测试一千字测试一千字测试一千字测试一千字测试一千字测试一千字测试一千字测试一千字测试一千字测试一千字测试一千字测试一千字测试一千字测试一千字测试一千字测试一千字测试一千字测试一千字测试一千字测试一千字测试一千字测试一千字测试一千字测试一千字测试一千字测试一千字测试一千字测试一千字测试一千字测试一千字测试一千字测试一千字测试一千字测试一千字测试一千字测试一千字测试一千字测试一千字测试, 153697, imageurlaaaa, extsssssssss, 201</td>
<td><div><pre>java.lang.AssertionError: expected:&lt;201&gt; but was:&lt;404&gt;
	at com.netease.util.ReturnCheck.returnCheck(ReturnCheck.java:42)
	at com.netease.comment.CreateComment.createComment(CreateComment.java:48)
	at org.apache.maven.surefire.testng.TestNGExecutor.run(TestNGExecutor.java:77)
	at org.apache.maven.surefire.testng.TestNGXmlTestSuite.execute(TestNGXmlTestSuite.java:92)
	at org.apache.maven.surefire.Surefire.run(Surefire.java:177)
	at org.apache.maven.surefire.booter.SurefireBooter.runSuitesInProcess(SurefireBooter.java:334)
	at org.apache.maven.surefire.booter.SurefireBooter.main(SurefireBooter.java:980)
... Removed 30 stack frames</pre></div><a href='#' onClick='toggleBox("stack-trace996796369", this, "Click to show all stack frames", "Click to hide stack frames")'>Click to show all stack frames</a>
<div class='stack-trace' id='stack-trace996796369'><pre>java.lang.AssertionError: expected:&lt;201&gt; but was:&lt;404&gt;
	at org.testng.Assert.fail(Assert.java:89)
	at org.testng.Assert.failNotEquals(Assert.java:489)
	at org.testng.Assert.assertEquals(Assert.java:118)
	at org.testng.Assert.assertEquals(Assert.java:171)
	at org.testng.Assert.assertEquals(Assert.java:181)
	at com.netease.util.ReturnCheck.returnCheck(ReturnCheck.java:42)
	at com.netease.comment.CreateComment.createComment(CreateComment.java:48)
	at sun.reflect.NativeMethodAccessorImpl.invoke0(Native Method)
	at sun.reflect.NativeMethodAccessorImpl.invoke(NativeMethodAccessorImpl.java:62)
	at sun.reflect.DelegatingMethodAccessorImpl.invoke(DelegatingMethodAccessorImpl.java:43)
	at java.lang.reflect.Method.invoke(Method.java:497)
	at org.testng.internal.MethodInvocationHelper.invokeMethod(MethodInvocationHelper.java:80)
	at org.testng.internal.Invoker.invokeMethod(Invoker.java:701)
	at org.testng.internal.Invoker.invokeTestMethod(Invoker.java:893)
	at org.testng.internal.Invoker.invokeTestMethods(Invoker.java:1218)
	at org.testng.internal.TestMethodWorker.invokeTestMethods(TestMethodWorker.java:127)
	at org.testng.internal.TestMethodWorker.run(TestMethodWorker.java:111)
	at org.testng.TestRunner.privateRun(TestRunner.java:758)
	at org.testng.TestRunner.run(TestRunner.java:613)
	at org.testng.SuiteRunner.runTest(SuiteRunner.java:334)
	at org.testng.SuiteRunner.runSequentially(SuiteRunner.java:329)
	at org.testng.SuiteRunner.privateRun(SuiteRunner.java:291)
	at org.testng.SuiteRunner.run(SuiteRunner.java:240)
	at org.testng.SuiteRunnerWorker.runSuite(SuiteRunnerWorker.java:53)
	at org.testng.SuiteRunnerWorker.run(SuiteRunnerWorker.java:87)
	at org.testng.TestNG.runSuitesSequentially(TestNG.java:1170)
	at org.testng.TestNG.runSuitesLocally(TestNG.java:1095)
	at org.testng.TestNG.run(TestNG.java:1007)
	at org.apache.maven.surefire.testng.TestNGExecutor.run(TestNGExecutor.java:77)
	at org.apache.maven.surefire.testng.TestNGXmlTestSuite.execute(TestNGXmlTestSuite.java:92)
	at org.apache.maven.surefire.Surefire.run(Surefire.java:177)
	at sun.reflect.NativeMethodAccessorImpl.invoke0(Native Method)
	at sun.reflect.NativeMethodAccessorImpl.invoke(NativeMethodAccessorImpl.java:62)
	at sun.reflect.DelegatingMethodAccessorImpl.invoke(DelegatingMethodAccessorImpl.java:43)
	at java.lang.reflect.Method.invoke(Method.java:497)
	at org.apache.maven.surefire.booter.SurefireBooter.runSuitesInProcess(SurefireBooter.java:334)
	at org.apache.maven.surefire.booter.SurefireBooter.main(SurefireBooter.java:980)
</pre></div></td>
<td>0</td>
<td>com.netease.comment.CreateComment@48140564</td></tr>
<tr>
<td title='com.netease.comment.CreateComment.createComment()'><b>createComment</b><br>Test class: com.netease.comment.CreateComment<br>Parameters: eecc698764a1403d846bef6f9a01d90d, A014A5A11001768D, false, contenttest, 153697, urlteurlteurlteurlteurlteurlteurlteurlteurlteurlteurlteurlteurlteurlteurlteurlteurlteurlteurlteurlteurlteurlteurlteurlteurlteurlteurlteurlteurlteurlteurlteurlteurlteurlteurlteurlteurlteurlteurlteurlteurlteurlteurlteurlteurlteurlteurlteurlteurlteurlteurlteurlteurlteurlteurlteurlteurlteurlteurlteurlte, extsssssssss, 201</td>
<td><div><pre>java.lang.AssertionError: expected:&lt;201&gt; but was:&lt;404&gt;
	at com.netease.util.ReturnCheck.returnCheck(ReturnCheck.java:42)
	at com.netease.comment.CreateComment.createComment(CreateComment.java:48)
	at org.apache.maven.surefire.testng.TestNGExecutor.run(TestNGExecutor.java:77)
	at org.apache.maven.surefire.testng.TestNGXmlTestSuite.execute(TestNGXmlTestSuite.java:92)
	at org.apache.maven.surefire.Surefire.run(Surefire.java:177)
	at org.apache.maven.surefire.booter.SurefireBooter.runSuitesInProcess(SurefireBooter.java:334)
	at org.apache.maven.surefire.booter.SurefireBooter.main(SurefireBooter.java:980)
... Removed 30 stack frames</pre></div><a href='#' onClick='toggleBox("stack-trace359922172", this, "Click to show all stack frames", "Click to hide stack frames")'>Click to show all stack frames</a>
<div class='stack-trace' id='stack-trace359922172'><pre>java.lang.AssertionError: expected:&lt;201&gt; but was:&lt;404&gt;
	at org.testng.Assert.fail(Assert.java:89)
	at org.testng.Assert.failNotEquals(Assert.java:489)
	at org.testng.Assert.assertEquals(Assert.java:118)
	at org.testng.Assert.assertEquals(Assert.java:171)
	at org.testng.Assert.assertEquals(Assert.java:181)
	at com.netease.util.ReturnCheck.returnCheck(ReturnCheck.java:42)
	at com.netease.comment.CreateComment.createComment(CreateComment.java:48)
	at sun.reflect.NativeMethodAccessorImpl.invoke0(Native Method)
	at sun.reflect.NativeMethodAccessorImpl.invoke(NativeMethodAccessorImpl.java:62)
	at sun.reflect.DelegatingMethodAccessorImpl.invoke(DelegatingMethodAccessorImpl.java:43)
	at java.lang.reflect.Method.invoke(Method.java:497)
	at org.testng.internal.MethodInvocationHelper.invokeMethod(MethodInvocationHelper.java:80)
	at org.testng.internal.Invoker.invokeMethod(Invoker.java:701)
	at org.testng.internal.Invoker.invokeTestMethod(Invoker.java:893)
	at org.testng.internal.Invoker.invokeTestMethods(Invoker.java:1218)
	at org.testng.internal.TestMethodWorker.invokeTestMethods(TestMethodWorker.java:127)
	at org.testng.internal.TestMethodWorker.run(TestMethodWorker.java:111)
	at org.testng.TestRunner.privateRun(TestRunner.java:758)
	at org.testng.TestRunner.run(TestRunner.java:613)
	at org.testng.SuiteRunner.runTest(SuiteRunner.java:334)
	at org.testng.SuiteRunner.runSequentially(SuiteRunner.java:329)
	at org.testng.SuiteRunner.privateRun(SuiteRunner.java:291)
	at org.testng.SuiteRunner.run(SuiteRunner.java:240)
	at org.testng.SuiteRunnerWorker.runSuite(SuiteRunnerWorker.java:53)
	at org.testng.SuiteRunnerWorker.run(SuiteRunnerWorker.java:87)
	at org.testng.TestNG.runSuitesSequentially(TestNG.java:1170)
	at org.testng.TestNG.runSuitesLocally(TestNG.java:1095)
	at org.testng.TestNG.run(TestNG.java:1007)
	at org.apache.maven.surefire.testng.TestNGExecutor.run(TestNGExecutor.java:77)
	at org.apache.maven.surefire.testng.TestNGXmlTestSuite.execute(TestNGXmlTestSuite.java:92)
	at org.apache.maven.surefire.Surefire.run(Surefire.java:177)
	at sun.reflect.NativeMethodAccessorImpl.invoke0(Native Method)
	at sun.reflect.NativeMethodAccessorImpl.invoke(NativeMethodAccessorImpl.java:62)
	at sun.reflect.DelegatingMethodAccessorImpl.invoke(DelegatingMethodAccessorImpl.java:43)
	at java.lang.reflect.Method.invoke(Method.java:497)
	at org.apache.maven.surefire.booter.SurefireBooter.runSuitesInProcess(SurefireBooter.java:334)
	at org.apache.maven.surefire.booter.SurefireBooter.main(SurefireBooter.java:980)
</pre></div></td>
<td>0</td>
<td>com.netease.comment.CreateComment@48140564</td></tr>
<tr>
<td title='com.netease.comment.CreateComment.createComment()'><b>createComment</b><br>Test class: com.netease.comment.CreateComment<br>Parameters: eecc698764a1403d846bef6f9a01d90d, A014A5A11001768D, false, contenttest, 153697, imageurlaaaa, extsssssssssextsssssssss, 201</td>
<td><div><pre>java.lang.AssertionError: expected:&lt;201&gt; but was:&lt;404&gt;
	at com.netease.util.ReturnCheck.returnCheck(ReturnCheck.java:42)
	at com.netease.comment.CreateComment.createComment(CreateComment.java:48)
	at org.apache.maven.surefire.testng.TestNGExecutor.run(TestNGExecutor.java:77)
	at org.apache.maven.surefire.testng.TestNGXmlTestSuite.execute(TestNGXmlTestSuite.java:92)
	at org.apache.maven.surefire.Surefire.run(Surefire.java:177)
	at org.apache.maven.surefire.booter.SurefireBooter.runSuitesInProcess(SurefireBooter.java:334)
	at org.apache.maven.surefire.booter.SurefireBooter.main(SurefireBooter.java:980)
... Removed 30 stack frames</pre></div><a href='#' onClick='toggleBox("stack-trace132577100", this, "Click to show all stack frames", "Click to hide stack frames")'>Click to show all stack frames</a>
<div class='stack-trace' id='stack-trace132577100'><pre>java.lang.AssertionError: expected:&lt;201&gt; but was:&lt;404&gt;
	at org.testng.Assert.fail(Assert.java:89)
	at org.testng.Assert.failNotEquals(Assert.java:489)
	at org.testng.Assert.assertEquals(Assert.java:118)
	at org.testng.Assert.assertEquals(Assert.java:171)
	at org.testng.Assert.assertEquals(Assert.java:181)
	at com.netease.util.ReturnCheck.returnCheck(ReturnCheck.java:42)
	at com.netease.comment.CreateComment.createComment(CreateComment.java:48)
	at sun.reflect.NativeMethodAccessorImpl.invoke0(Native Method)
	at sun.reflect.NativeMethodAccessorImpl.invoke(NativeMethodAccessorImpl.java:62)
	at sun.reflect.DelegatingMethodAccessorImpl.invoke(DelegatingMethodAccessorImpl.java:43)
	at java.lang.reflect.Method.invoke(Method.java:497)
	at org.testng.internal.MethodInvocationHelper.invokeMethod(MethodInvocationHelper.java:80)
	at org.testng.internal.Invoker.invokeMethod(Invoker.java:701)
	at org.testng.internal.Invoker.invokeTestMethod(Invoker.java:893)
	at org.testng.internal.Invoker.invokeTestMethods(Invoker.java:1218)
	at org.testng.internal.TestMethodWorker.invokeTestMethods(TestMethodWorker.java:127)
	at org.testng.internal.TestMethodWorker.run(TestMethodWorker.java:111)
	at org.testng.TestRunner.privateRun(TestRunner.java:758)
	at org.testng.TestRunner.run(TestRunner.java:613)
	at org.testng.SuiteRunner.runTest(SuiteRunner.java:334)
	at org.testng.SuiteRunner.runSequentially(SuiteRunner.java:329)
	at org.testng.SuiteRunner.privateRun(SuiteRunner.java:291)
	at org.testng.SuiteRunner.run(SuiteRunner.java:240)
	at org.testng.SuiteRunnerWorker.runSuite(SuiteRunnerWorker.java:53)
	at org.testng.SuiteRunnerWorker.run(SuiteRunnerWorker.java:87)
	at org.testng.TestNG.runSuitesSequentially(TestNG.java:1170)
	at org.testng.TestNG.runSuitesLocally(TestNG.java:1095)
	at org.testng.TestNG.run(TestNG.java:1007)
	at org.apache.maven.surefire.testng.TestNGExecutor.run(TestNGExecutor.java:77)
	at org.apache.maven.surefire.testng.TestNGXmlTestSuite.execute(TestNGXmlTestSuite.java:92)
	at org.apache.maven.surefire.Surefire.run(Surefire.java:177)
	at sun.reflect.NativeMethodAccessorImpl.invoke0(Native Method)
	at sun.reflect.NativeMethodAccessorImpl.invoke(NativeMethodAccessorImpl.java:62)
	at sun.reflect.DelegatingMethodAccessorImpl.invoke(DelegatingMethodAccessorImpl.java:43)
	at java.lang.reflect.Method.invoke(Method.java:497)
	at org.apache.maven.surefire.booter.SurefireBooter.runSuitesInProcess(SurefireBooter.java:334)
	at org.apache.maven.surefire.booter.SurefireBooter.main(SurefireBooter.java:980)
</pre></div></td>
<td>0</td>
<td>com.netease.comment.CreateComment@48140564</td></tr>
<tr>
<td title='com.netease.comment.CreateComment.createComment()'><b>createComment</b><br>Test class: com.netease.comment.CreateComment<br>Parameters: eecc698764a1403d846bef6f9a01d90d, A014A5A11001768D, false, contenttest, 153697, imageurlaaaa, extsssssssss, 201</td>
<td><div><pre>java.lang.AssertionError: expected:&lt;201&gt; but was:&lt;404&gt;
	at com.netease.util.ReturnCheck.returnCheck(ReturnCheck.java:42)
	at com.netease.comment.CreateComment.createComment(CreateComment.java:48)
	at org.apache.maven.surefire.testng.TestNGExecutor.run(TestNGExecutor.java:77)
	at org.apache.maven.surefire.testng.TestNGXmlTestSuite.execute(TestNGXmlTestSuite.java:92)
	at org.apache.maven.surefire.Surefire.run(Surefire.java:177)
	at org.apache.maven.surefire.booter.SurefireBooter.runSuitesInProcess(SurefireBooter.java:334)
	at org.apache.maven.surefire.booter.SurefireBooter.main(SurefireBooter.java:980)
... Removed 30 stack frames</pre></div><a href='#' onClick='toggleBox("stack-trace793331940", this, "Click to show all stack frames", "Click to hide stack frames")'>Click to show all stack frames</a>
<div class='stack-trace' id='stack-trace793331940'><pre>java.lang.AssertionError: expected:&lt;201&gt; but was:&lt;404&gt;
	at org.testng.Assert.fail(Assert.java:89)
	at org.testng.Assert.failNotEquals(Assert.java:489)
	at org.testng.Assert.assertEquals(Assert.java:118)
	at org.testng.Assert.assertEquals(Assert.java:171)
	at org.testng.Assert.assertEquals(Assert.java:181)
	at com.netease.util.ReturnCheck.returnCheck(ReturnCheck.java:42)
	at com.netease.comment.CreateComment.createComment(CreateComment.java:48)
	at sun.reflect.NativeMethodAccessorImpl.invoke0(Native Method)
	at sun.reflect.NativeMethodAccessorImpl.invoke(NativeMethodAccessorImpl.java:62)
	at sun.reflect.DelegatingMethodAccessorImpl.invoke(DelegatingMethodAccessorImpl.java:43)
	at java.lang.reflect.Method.invoke(Method.java:497)
	at org.testng.internal.MethodInvocationHelper.invokeMethod(MethodInvocationHelper.java:80)
	at org.testng.internal.Invoker.invokeMethod(Invoker.java:701)
	at org.testng.internal.Invoker.invokeTestMethod(Invoker.java:893)
	at org.testng.internal.Invoker.invokeTestMethods(Invoker.java:1218)
	at org.testng.internal.TestMethodWorker.invokeTestMethods(TestMethodWorker.java:127)
	at org.testng.internal.TestMethodWorker.run(TestMethodWorker.java:111)
	at org.testng.TestRunner.privateRun(TestRunner.java:758)
	at org.testng.TestRunner.run(TestRunner.java:613)
	at org.testng.SuiteRunner.runTest(SuiteRunner.java:334)
	at org.testng.SuiteRunner.runSequentially(SuiteRunner.java:329)
	at org.testng.SuiteRunner.privateRun(SuiteRunner.java:291)
	at org.testng.SuiteRunner.run(SuiteRunner.java:240)
	at org.testng.SuiteRunnerWorker.runSuite(SuiteRunnerWorker.java:53)
	at org.testng.SuiteRunnerWorker.run(SuiteRunnerWorker.java:87)
	at org.testng.TestNG.runSuitesSequentially(TestNG.java:1170)
	at org.testng.TestNG.runSuitesLocally(TestNG.java:1095)
	at org.testng.TestNG.run(TestNG.java:1007)
	at org.apache.maven.surefire.testng.TestNGExecutor.run(TestNGExecutor.java:77)
	at org.apache.maven.surefire.testng.TestNGXmlTestSuite.execute(TestNGXmlTestSuite.java:92)
	at org.apache.maven.surefire.Surefire.run(Surefire.java:177)
	at sun.reflect.NativeMethodAccessorImpl.invoke0(Native Method)
	at sun.reflect.NativeMethodAccessorImpl.invoke(NativeMethodAccessorImpl.java:62)
	at sun.reflect.DelegatingMethodAccessorImpl.invoke(DelegatingMethodAccessorImpl.java:43)
	at java.lang.reflect.Method.invoke(Method.java:497)
	at org.apache.maven.surefire.booter.SurefireBooter.runSuitesInProcess(SurefireBooter.java:334)
	at org.apache.maven.surefire.booter.SurefireBooter.main(SurefireBooter.java:980)
</pre></div></td>
<td>0</td>
<td>com.netease.comment.CreateComment@48140564</td></tr>
<tr>
<td title='com.netease.comment.CreateComment.createComment()'><b>createComment</b><br>Test class: com.netease.comment.CreateComment<br>Parameters: eecc698764a1403d846bef6f9a01d90d, A014A5A11001768D, false, 1一千字测试一千字测试一千字测试一千字测试一千字测试一千字测试一千字测试一千字测试一千字测试一千字测试一千字测试一千字测试一千字测试一千字测试一千字测试一千字测试一千字测试一千字测试一千字测试一千字测试一千字测试一千字测试一千字测试一千字测试一千字测试一千字测试一千字测试一千字测试一千字测试一千字测试一千字测试一千字测试一千字测试一千字测试一千字测试一千字测试一千字测试一千字测试一千字测试一千字测试一千字测试一千字测试一千字测试一千字测试一千字测试一千字测试一千字测试一千字测试一千字测试一千字测试一千字测试一千字测试一千字测试一千字测试一千字测试一千字测试一千字测试一千字测试一千字测试一千字测试一千字测试一千字测试一千字测试一千字测试一千字测试一千字测试一千字测试一千字测试一千字测试一千字测试一千字测试一千字测试一千字测试一千字测试一千字测试一千字测试一千字测试一千字测试一千字测试一千字测试一千字测试一千字测试一千字测试一千字测试一千字测试一千字测试一千字测试一千字测试一千字测试一千字测试一千字测试一千字测试一千字测试一千字测试一千字测试一千字测试一千字测试一千字测试一千字测试一千字测试一千字测试一千字测试一千字测试一千字测试一千字测试一千字测试一千字测试一千字测试一千字测试一千字测试一千字测试一千字测试一千字测试一千字测试一千字测试一千字测试一千字测试一千字测试一千字测试一千字测试一千字测试一千字测试一千字测试一千字测试一千字测试一千字测试一千字测试一千字测试一千字测试一千字测试一千字测试一千字测试一千字测试一千字测试一千字测试一千字测试一千字测试一千字测试一千字测试一千字测试一千字测试一千字测试一千字测试一千字测试一千字测试一千字测试一千字测试一千字测试一千字测试一千字测试一千字测试一千字测试一千字测试一千字测试一千字测试一千字测试一千字测试一千字测试一千字测试一千字测试一千字测试一千字测试一千字测试一千字测试一千字测试一千字测试一千字测试一千字测试一千字测试一千字测试一千字测试一千字测试一千字测试一千字测试一千字测试一千字测试一千字测试一千字测试一千字测试一千字测试一千字测试一千字测试一千字测试一千字测试一千字测试一千字测试一千字测试一千字测试一千字测试一千字测试一千字测试一千字测试一千字测试一千字测试一千字测试一千字测试一千字测试一千字测试一千字测试一千字测试, 153697, imageurlaaaa, extsssssssss, 422</td>
<td><div><pre>java.lang.AssertionError: expected:&lt;422&gt; but was:&lt;404&gt;
	at com.netease.util.ReturnCheck.returnCheck(ReturnCheck.java:42)
	at com.netease.comment.CreateComment.createComment(CreateComment.java:48)
	at org.apache.maven.surefire.testng.TestNGExecutor.run(TestNGExecutor.java:77)
	at org.apache.maven.surefire.testng.TestNGXmlTestSuite.execute(TestNGXmlTestSuite.java:92)
	at org.apache.maven.surefire.Surefire.run(Surefire.java:177)
	at org.apache.maven.surefire.booter.SurefireBooter.runSuitesInProcess(SurefireBooter.java:334)
	at org.apache.maven.surefire.booter.SurefireBooter.main(SurefireBooter.java:980)
... Removed 30 stack frames</pre></div><a href='#' onClick='toggleBox("stack-trace1069716895", this, "Click to show all stack frames", "Click to hide stack frames")'>Click to show all stack frames</a>
<div class='stack-trace' id='stack-trace1069716895'><pre>java.lang.AssertionError: expected:&lt;422&gt; but was:&lt;404&gt;
	at org.testng.Assert.fail(Assert.java:89)
	at org.testng.Assert.failNotEquals(Assert.java:489)
	at org.testng.Assert.assertEquals(Assert.java:118)
	at org.testng.Assert.assertEquals(Assert.java:171)
	at org.testng.Assert.assertEquals(Assert.java:181)
	at com.netease.util.ReturnCheck.returnCheck(ReturnCheck.java:42)
	at com.netease.comment.CreateComment.createComment(CreateComment.java:48)
	at sun.reflect.NativeMethodAccessorImpl.invoke0(Native Method)
	at sun.reflect.NativeMethodAccessorImpl.invoke(NativeMethodAccessorImpl.java:62)
	at sun.reflect.DelegatingMethodAccessorImpl.invoke(DelegatingMethodAccessorImpl.java:43)
	at java.lang.reflect.Method.invoke(Method.java:497)
	at org.testng.internal.MethodInvocationHelper.invokeMethod(MethodInvocationHelper.java:80)
	at org.testng.internal.Invoker.invokeMethod(Invoker.java:701)
	at org.testng.internal.Invoker.invokeTestMethod(Invoker.java:893)
	at org.testng.internal.Invoker.invokeTestMethods(Invoker.java:1218)
	at org.testng.internal.TestMethodWorker.invokeTestMethods(TestMethodWorker.java:127)
	at org.testng.internal.TestMethodWorker.run(TestMethodWorker.java:111)
	at org.testng.TestRunner.privateRun(TestRunner.java:758)
	at org.testng.TestRunner.run(TestRunner.java:613)
	at org.testng.SuiteRunner.runTest(SuiteRunner.java:334)
	at org.testng.SuiteRunner.runSequentially(SuiteRunner.java:329)
	at org.testng.SuiteRunner.privateRun(SuiteRunner.java:291)
	at org.testng.SuiteRunner.run(SuiteRunner.java:240)
	at org.testng.SuiteRunnerWorker.runSuite(SuiteRunnerWorker.java:53)
	at org.testng.SuiteRunnerWorker.run(SuiteRunnerWorker.java:87)
	at org.testng.TestNG.runSuitesSequentially(TestNG.java:1170)
	at org.testng.TestNG.runSuitesLocally(TestNG.java:1095)
	at org.testng.TestNG.run(TestNG.java:1007)
	at org.apache.maven.surefire.testng.TestNGExecutor.run(TestNGExecutor.java:77)
	at org.apache.maven.surefire.testng.TestNGXmlTestSuite.execute(TestNGXmlTestSuite.java:92)
	at org.apache.maven.surefire.Surefire.run(Surefire.java:177)
	at sun.reflect.NativeMethodAccessorImpl.invoke0(Native Method)
	at sun.reflect.NativeMethodAccessorImpl.invoke(NativeMethodAccessorImpl.java:62)
	at sun.reflect.DelegatingMethodAccessorImpl.invoke(DelegatingMethodAccessorImpl.java:43)
	at java.lang.reflect.Method.invoke(Method.java:497)
	at org.apache.maven.surefire.booter.SurefireBooter.runSuitesInProcess(SurefireBooter.java:334)
	at org.apache.maven.surefire.booter.SurefireBooter.main(SurefireBooter.java:980)
</pre></div></td>
<td>0</td>
<td>com.netease.comment.CreateComment@48140564</td></tr>
<tr>
<td title='com.netease.comment.CreateComment.createComment()'><b>createComment</b><br>Test class: com.netease.comment.CreateComment<br>Parameters: eecc698764a1403d846bef6f9a01d90d, A014A5A11001768D, false, contenttest, 153697, imageurlaaaa, 1extaaextaaextaaextaaextaaextaaextaaextaaextaaextaaextaaextaaextaaextaaextaaextaaextaaextaaextaaextaaextaaextaaextaaextaaextaaextaaextaaextaaextaaextaaextaaextaaextaaextaaextaaextaaextaaextaaextaaextaaextaaextaaextaaextaaextaaextaaextaaextaaextaaextaaextaaextaaextaaextaaextaaextaaextaaextaaextaaextaaextaaextaaextaaextaaextaaextaaextaaextaaextaaextaaextaaextaaextaaextaaextaaextaaextaaextaaextaaextaaextaaextaaextaaextaaextaaextaaextaaextaaextaaextaaextaaextaaextaaextaaextaaextaaextaaextaaextaaextaaextaaextaaextaaextaaextaaextaaextaaextaaextaaextaaextaaextaaextaaextaaextaaextaaextaaextaaextaaextaaextaaextaaextaaextaaextaaextaaextaaextaaextaaextaaextaaextaaextaaextaaextaaextaaextaaextaaextaaextaa, 422</td>
<td><div><pre>java.lang.AssertionError: expected:&lt;422&gt; but was:&lt;404&gt;
	at com.netease.util.ReturnCheck.returnCheck(ReturnCheck.java:42)
	at com.netease.comment.CreateComment.createComment(CreateComment.java:48)
	at org.apache.maven.surefire.testng.TestNGExecutor.run(TestNGExecutor.java:77)
	at org.apache.maven.surefire.testng.TestNGXmlTestSuite.execute(TestNGXmlTestSuite.java:92)
	at org.apache.maven.surefire.Surefire.run(Surefire.java:177)
	at org.apache.maven.surefire.booter.SurefireBooter.runSuitesInProcess(SurefireBooter.java:334)
	at org.apache.maven.surefire.booter.SurefireBooter.main(SurefireBooter.java:980)
... Removed 30 stack frames</pre></div><a href='#' onClick='toggleBox("stack-trace561959774", this, "Click to show all stack frames", "Click to hide stack frames")'>Click to show all stack frames</a>
<div class='stack-trace' id='stack-trace561959774'><pre>java.lang.AssertionError: expected:&lt;422&gt; but was:&lt;404&gt;
	at org.testng.Assert.fail(Assert.java:89)
	at org.testng.Assert.failNotEquals(Assert.java:489)
	at org.testng.Assert.assertEquals(Assert.java:118)
	at org.testng.Assert.assertEquals(Assert.java:171)
	at org.testng.Assert.assertEquals(Assert.java:181)
	at com.netease.util.ReturnCheck.returnCheck(ReturnCheck.java:42)
	at com.netease.comment.CreateComment.createComment(CreateComment.java:48)
	at sun.reflect.NativeMethodAccessorImpl.invoke0(Native Method)
	at sun.reflect.NativeMethodAccessorImpl.invoke(NativeMethodAccessorImpl.java:62)
	at sun.reflect.DelegatingMethodAccessorImpl.invoke(DelegatingMethodAccessorImpl.java:43)
	at java.lang.reflect.Method.invoke(Method.java:497)
	at org.testng.internal.MethodInvocationHelper.invokeMethod(MethodInvocationHelper.java:80)
	at org.testng.internal.Invoker.invokeMethod(Invoker.java:701)
	at org.testng.internal.Invoker.invokeTestMethod(Invoker.java:893)
	at org.testng.internal.Invoker.invokeTestMethods(Invoker.java:1218)
	at org.testng.internal.TestMethodWorker.invokeTestMethods(TestMethodWorker.java:127)
	at org.testng.internal.TestMethodWorker.run(TestMethodWorker.java:111)
	at org.testng.TestRunner.privateRun(TestRunner.java:758)
	at org.testng.TestRunner.run(TestRunner.java:613)
	at org.testng.SuiteRunner.runTest(SuiteRunner.java:334)
	at org.testng.SuiteRunner.runSequentially(SuiteRunner.java:329)
	at org.testng.SuiteRunner.privateRun(SuiteRunner.java:291)
	at org.testng.SuiteRunner.run(SuiteRunner.java:240)
	at org.testng.SuiteRunnerWorker.runSuite(SuiteRunnerWorker.java:53)
	at org.testng.SuiteRunnerWorker.run(SuiteRunnerWorker.java:87)
	at org.testng.TestNG.runSuitesSequentially(TestNG.java:1170)
	at org.testng.TestNG.runSuitesLocally(TestNG.java:1095)
	at org.testng.TestNG.run(TestNG.java:1007)
	at org.apache.maven.surefire.testng.TestNGExecutor.run(TestNGExecutor.java:77)
	at org.apache.maven.surefire.testng.TestNGXmlTestSuite.execute(TestNGXmlTestSuite.java:92)
	at org.apache.maven.surefire.Surefire.run(Surefire.java:177)
	at sun.reflect.NativeMethodAccessorImpl.invoke0(Native Method)
	at sun.reflect.NativeMethodAccessorImpl.invoke(NativeMethodAccessorImpl.java:62)
	at sun.reflect.DelegatingMethodAccessorImpl.invoke(DelegatingMethodAccessorImpl.java:43)
	at java.lang.reflect.Method.invoke(Method.java:497)
	at org.apache.maven.surefire.booter.SurefireBooter.runSuitesInProcess(SurefireBooter.java:334)
	at org.apache.maven.surefire.booter.SurefireBooter.main(SurefireBooter.java:980)
</pre></div></td>
<td>0</td>
<td>com.netease.comment.CreateComment@48140564</td></tr>
<tr>
<td title='com.netease.comment.DeleteComment.deleteComment()'><b>deleteComment</b><br>Test class: com.netease.comment.DeleteComment<br>Parameters: eecc698764a1403d846bef6f9a01d90d, A014A5A11001768D, 153697, false, 204</td>
<td><div><pre>java.lang.AssertionError: expected:&lt;204&gt; but was:&lt;404&gt;
	at com.netease.comment.DeleteComment.deleteComment(DeleteComment.java:41)
	at org.apache.maven.surefire.testng.TestNGExecutor.run(TestNGExecutor.java:77)
	at org.apache.maven.surefire.testng.TestNGXmlTestSuite.execute(TestNGXmlTestSuite.java:92)
	at org.apache.maven.surefire.Surefire.run(Surefire.java:177)
	at org.apache.maven.surefire.booter.SurefireBooter.runSuitesInProcess(SurefireBooter.java:334)
	at org.apache.maven.surefire.booter.SurefireBooter.main(SurefireBooter.java:980)
... Removed 30 stack frames</pre></div><a href='#' onClick='toggleBox("stack-trace1092572064", this, "Click to show all stack frames", "Click to hide stack frames")'>Click to show all stack frames</a>
<div class='stack-trace' id='stack-trace1092572064'><pre>java.lang.AssertionError: expected:&lt;204&gt; but was:&lt;404&gt;
	at org.testng.Assert.fail(Assert.java:89)
	at org.testng.Assert.failNotEquals(Assert.java:489)
	at org.testng.Assert.assertEquals(Assert.java:118)
	at org.testng.Assert.assertEquals(Assert.java:365)
	at org.testng.Assert.assertEquals(Assert.java:375)
	at com.netease.comment.DeleteComment.deleteComment(DeleteComment.java:41)
	at sun.reflect.NativeMethodAccessorImpl.invoke0(Native Method)
	at sun.reflect.NativeMethodAccessorImpl.invoke(NativeMethodAccessorImpl.java:62)
	at sun.reflect.DelegatingMethodAccessorImpl.invoke(DelegatingMethodAccessorImpl.java:43)
	at java.lang.reflect.Method.invoke(Method.java:497)
	at org.testng.internal.MethodInvocationHelper.invokeMethod(MethodInvocationHelper.java:80)
	at org.testng.internal.Invoker.invokeMethod(Invoker.java:701)
	at org.testng.internal.Invoker.invokeTestMethod(Invoker.java:893)
	at org.testng.internal.Invoker.invokeTestMethods(Invoker.java:1218)
	at org.testng.internal.TestMethodWorker.invokeTestMethods(TestMethodWorker.java:127)
	at org.testng.internal.TestMethodWorker.run(TestMethodWorker.java:111)
	at org.testng.TestRunner.privateRun(TestRunner.java:758)
	at org.testng.TestRunner.run(TestRunner.java:613)
	at org.testng.SuiteRunner.runTest(SuiteRunner.java:334)
	at org.testng.SuiteRunner.runSequentially(SuiteRunner.java:329)
	at org.testng.SuiteRunner.privateRun(SuiteRunner.java:291)
	at org.testng.SuiteRunner.run(SuiteRunner.java:240)
	at org.testng.SuiteRunnerWorker.runSuite(SuiteRunnerWorker.java:53)
	at org.testng.SuiteRunnerWorker.run(SuiteRunnerWorker.java:87)
	at org.testng.TestNG.runSuitesSequentially(TestNG.java:1170)
	at org.testng.TestNG.runSuitesLocally(TestNG.java:1095)
	at org.testng.TestNG.run(TestNG.java:1007)
	at org.apache.maven.surefire.testng.TestNGExecutor.run(TestNGExecutor.java:77)
	at org.apache.maven.surefire.testng.TestNGXmlTestSuite.execute(TestNGXmlTestSuite.java:92)
	at org.apache.maven.surefire.Surefire.run(Surefire.java:177)
	at sun.reflect.NativeMethodAccessorImpl.invoke0(Native Method)
	at sun.reflect.NativeMethodAccessorImpl.invoke(NativeMethodAccessorImpl.java:62)
	at sun.reflect.DelegatingMethodAccessorImpl.invoke(DelegatingMethodAccessorImpl.java:43)
	at java.lang.reflect.Method.invoke(Method.java:497)
	at org.apache.maven.surefire.booter.SurefireBooter.runSuitesInProcess(SurefireBooter.java:334)
	at org.apache.maven.surefire.booter.SurefireBooter.main(SurefireBooter.java:980)
</pre></div></td>
<td>0</td>
<td>com.netease.comment.DeleteComment@7c75222b</td></tr>
<tr>
<td title='com.netease.comment.DeleteComment.deleteComment()'><b>deleteComment</b><br>Test class: com.netease.comment.DeleteComment<br>Parameters: eecc698764a1403d846bef6f9a01d90d, A014A5A11001768D, 153697, true, 204</td>
<td><div><pre>java.lang.AssertionError: expected:&lt;204&gt; but was:&lt;404&gt;
	at com.netease.comment.DeleteComment.deleteComment(DeleteComment.java:41)
	at org.apache.maven.surefire.testng.TestNGExecutor.run(TestNGExecutor.java:77)
	at org.apache.maven.surefire.testng.TestNGXmlTestSuite.execute(TestNGXmlTestSuite.java:92)
	at org.apache.maven.surefire.Surefire.run(Surefire.java:177)
	at org.apache.maven.surefire.booter.SurefireBooter.runSuitesInProcess(SurefireBooter.java:334)
	at org.apache.maven.surefire.booter.SurefireBooter.main(SurefireBooter.java:980)
... Removed 30 stack frames</pre></div><a href='#' onClick='toggleBox("stack-trace678433396", this, "Click to show all stack frames", "Click to hide stack frames")'>Click to show all stack frames</a>
<div class='stack-trace' id='stack-trace678433396'><pre>java.lang.AssertionError: expected:&lt;204&gt; but was:&lt;404&gt;
	at org.testng.Assert.fail(Assert.java:89)
	at org.testng.Assert.failNotEquals(Assert.java:489)
	at org.testng.Assert.assertEquals(Assert.java:118)
	at org.testng.Assert.assertEquals(Assert.java:365)
	at org.testng.Assert.assertEquals(Assert.java:375)
	at com.netease.comment.DeleteComment.deleteComment(DeleteComment.java:41)
	at sun.reflect.NativeMethodAccessorImpl.invoke0(Native Method)
	at sun.reflect.NativeMethodAccessorImpl.invoke(NativeMethodAccessorImpl.java:62)
	at sun.reflect.DelegatingMethodAccessorImpl.invoke(DelegatingMethodAccessorImpl.java:43)
	at java.lang.reflect.Method.invoke(Method.java:497)
	at org.testng.internal.MethodInvocationHelper.invokeMethod(MethodInvocationHelper.java:80)
	at org.testng.internal.Invoker.invokeMethod(Invoker.java:701)
	at org.testng.internal.Invoker.invokeTestMethod(Invoker.java:893)
	at org.testng.internal.Invoker.invokeTestMethods(Invoker.java:1218)
	at org.testng.internal.TestMethodWorker.invokeTestMethods(TestMethodWorker.java:127)
	at org.testng.internal.TestMethodWorker.run(TestMethodWorker.java:111)
	at org.testng.TestRunner.privateRun(TestRunner.java:758)
	at org.testng.TestRunner.run(TestRunner.java:613)
	at org.testng.SuiteRunner.runTest(SuiteRunner.java:334)
	at org.testng.SuiteRunner.runSequentially(SuiteRunner.java:329)
	at org.testng.SuiteRunner.privateRun(SuiteRunner.java:291)
	at org.testng.SuiteRunner.run(SuiteRunner.java:240)
	at org.testng.SuiteRunnerWorker.runSuite(SuiteRunnerWorker.java:53)
	at org.testng.SuiteRunnerWorker.run(SuiteRunnerWorker.java:87)
	at org.testng.TestNG.runSuitesSequentially(TestNG.java:1170)
	at org.testng.TestNG.runSuitesLocally(TestNG.java:1095)
	at org.testng.TestNG.run(TestNG.java:1007)
	at org.apache.maven.surefire.testng.TestNGExecutor.run(TestNGExecutor.java:77)
	at org.apache.maven.surefire.testng.TestNGXmlTestSuite.execute(TestNGXmlTestSuite.java:92)
	at org.apache.maven.surefire.Surefire.run(Surefire.java:177)
	at sun.reflect.NativeMethodAccessorImpl.invoke0(Native Method)
	at sun.reflect.NativeMethodAccessorImpl.invoke(NativeMethodAccessorImpl.java:62)
	at sun.reflect.DelegatingMethodAccessorImpl.invoke(DelegatingMethodAccessorImpl.java:43)
	at java.lang.reflect.Method.invoke(Method.java:497)
	at org.apache.maven.surefire.booter.SurefireBooter.runSuitesInProcess(SurefireBooter.java:334)
	at org.apache.maven.surefire.booter.SurefireBooter.main(SurefireBooter.java:980)
</pre></div></td>
<td>0</td>
<td>com.netease.comment.DeleteComment@7c75222b</td></tr>
<tr>
<td title='com.netease.comment.QueryComment.queryComment()'><b>queryComment</b><br>Test class: com.netease.comment.QueryComment<br>Parameters: A014A5A11001768D, eecc698764a1403d846bef6f9a01d90d, 200, 153697</td>
<td><div><pre>java.lang.AssertionError: expected:&lt;200&gt; but was:&lt;404&gt;
	at com.netease.util.ReturnCheck.returnCheck(ReturnCheck.java:42)
	at com.netease.util.HttpRequest.httpGetRequest(HttpRequest.java:42)
	at com.netease.comment.QueryComment.queryComment(QueryComment.java:15)
	at org.apache.maven.surefire.testng.TestNGExecutor.run(TestNGExecutor.java:77)
	at org.apache.maven.surefire.testng.TestNGXmlTestSuite.execute(TestNGXmlTestSuite.java:92)
	at org.apache.maven.surefire.Surefire.run(Surefire.java:177)
	at org.apache.maven.surefire.booter.SurefireBooter.runSuitesInProcess(SurefireBooter.java:334)
	at org.apache.maven.surefire.booter.SurefireBooter.main(SurefireBooter.java:980)
... Removed 30 stack frames</pre></div><a href='#' onClick='toggleBox("stack-trace2093010349", this, "Click to show all stack frames", "Click to hide stack frames")'>Click to show all stack frames</a>
<div class='stack-trace' id='stack-trace2093010349'><pre>java.lang.AssertionError: expected:&lt;200&gt; but was:&lt;404&gt;
	at org.testng.Assert.fail(Assert.java:89)
	at org.testng.Assert.failNotEquals(Assert.java:489)
	at org.testng.Assert.assertEquals(Assert.java:118)
	at org.testng.Assert.assertEquals(Assert.java:171)
	at org.testng.Assert.assertEquals(Assert.java:181)
	at com.netease.util.ReturnCheck.returnCheck(ReturnCheck.java:42)
	at com.netease.util.HttpRequest.httpGetRequest(HttpRequest.java:42)
	at com.netease.comment.QueryComment.queryComment(QueryComment.java:15)
	at sun.reflect.NativeMethodAccessorImpl.invoke0(Native Method)
	at sun.reflect.NativeMethodAccessorImpl.invoke(NativeMethodAccessorImpl.java:62)
	at sun.reflect.DelegatingMethodAccessorImpl.invoke(DelegatingMethodAccessorImpl.java:43)
	at java.lang.reflect.Method.invoke(Method.java:497)
	at org.testng.internal.MethodInvocationHelper.invokeMethod(MethodInvocationHelper.java:80)
	at org.testng.internal.Invoker.invokeMethod(Invoker.java:701)
	at org.testng.internal.Invoker.invokeTestMethod(Invoker.java:893)
	at org.testng.internal.Invoker.invokeTestMethods(Invoker.java:1218)
	at org.testng.internal.TestMethodWorker.invokeTestMethods(TestMethodWorker.java:127)
	at org.testng.internal.TestMethodWorker.run(TestMethodWorker.java:111)
	at org.testng.TestRunner.privateRun(TestRunner.java:758)
	at org.testng.TestRunner.run(TestRunner.java:613)
	at org.testng.SuiteRunner.runTest(SuiteRunner.java:334)
	at org.testng.SuiteRunner.runSequentially(SuiteRunner.java:329)
	at org.testng.SuiteRunner.privateRun(SuiteRunner.java:291)
	at org.testng.SuiteRunner.run(SuiteRunner.java:240)
	at org.testng.SuiteRunnerWorker.runSuite(SuiteRunnerWorker.java:53)
	at org.testng.SuiteRunnerWorker.run(SuiteRunnerWorker.java:87)
	at org.testng.TestNG.runSuitesSequentially(TestNG.java:1170)
	at org.testng.TestNG.runSuitesLocally(TestNG.java:1095)
	at org.testng.TestNG.run(TestNG.java:1007)
	at org.apache.maven.surefire.testng.TestNGExecutor.run(TestNGExecutor.java:77)
	at org.apache.maven.surefire.testng.TestNGXmlTestSuite.execute(TestNGXmlTestSuite.java:92)
	at org.apache.maven.surefire.Surefire.run(Surefire.java:177)
	at sun.reflect.NativeMethodAccessorImpl.invoke0(Native Method)
	at sun.reflect.NativeMethodAccessorImpl.invoke(NativeMethodAccessorImpl.java:62)
	at sun.reflect.DelegatingMethodAccessorImpl.invoke(DelegatingMethodAccessorImpl.java:43)
	at java.lang.reflect.Method.invoke(Method.java:497)
	at org.apache.maven.surefire.booter.SurefireBooter.runSuitesInProcess(SurefireBooter.java:334)
	at org.apache.maven.surefire.booter.SurefireBooter.main(SurefireBooter.java:980)
</pre></div></td>
<td>0</td>
<td>com.netease.comment.QueryComment@27f674d</td></tr>
<tr>
<td title='com.netease.thread.QueryThread.queryThread()'><b>queryThread</b><br>Test class: com.netease.thread.QueryThread<br>Parameters: C4C4A5A11001768D, eecc698764a1403d846bef6f9a01d90d, 200</td>
<td><div><pre>java.lang.AssertionError: expected:&lt;200&gt; but was:&lt;404&gt;
	at com.netease.util.ReturnCheck.returnCheck(ReturnCheck.java:42)
	at com.netease.util.HttpRequest.httpGetRequest(HttpRequest.java:42)
	at com.netease.thread.QueryThread.queryThread(QueryThread.java:17)
	at org.apache.maven.surefire.testng.TestNGExecutor.run(TestNGExecutor.java:77)
	at org.apache.maven.surefire.testng.TestNGXmlTestSuite.execute(TestNGXmlTestSuite.java:92)
	at org.apache.maven.surefire.Surefire.run(Surefire.java:177)
	at org.apache.maven.surefire.booter.SurefireBooter.runSuitesInProcess(SurefireBooter.java:334)
	at org.apache.maven.surefire.booter.SurefireBooter.main(SurefireBooter.java:980)
... Removed 30 stack frames</pre></div><a href='#' onClick='toggleBox("stack-trace1678854096", this, "Click to show all stack frames", "Click to hide stack frames")'>Click to show all stack frames</a>
<div class='stack-trace' id='stack-trace1678854096'><pre>java.lang.AssertionError: expected:&lt;200&gt; but was:&lt;404&gt;
	at org.testng.Assert.fail(Assert.java:89)
	at org.testng.Assert.failNotEquals(Assert.java:489)
	at org.testng.Assert.assertEquals(Assert.java:118)
	at org.testng.Assert.assertEquals(Assert.java:171)
	at org.testng.Assert.assertEquals(Assert.java:181)
	at com.netease.util.ReturnCheck.returnCheck(ReturnCheck.java:42)
	at com.netease.util.HttpRequest.httpGetRequest(HttpRequest.java:42)
	at com.netease.thread.QueryThread.queryThread(QueryThread.java:17)
	at sun.reflect.NativeMethodAccessorImpl.invoke0(Native Method)
	at sun.reflect.NativeMethodAccessorImpl.invoke(NativeMethodAccessorImpl.java:62)
	at sun.reflect.DelegatingMethodAccessorImpl.invoke(DelegatingMethodAccessorImpl.java:43)
	at java.lang.reflect.Method.invoke(Method.java:497)
	at org.testng.internal.MethodInvocationHelper.invokeMethod(MethodInvocationHelper.java:80)
	at org.testng.internal.Invoker.invokeMethod(Invoker.java:701)
	at org.testng.internal.Invoker.invokeTestMethod(Invoker.java:893)
	at org.testng.internal.Invoker.invokeTestMethods(Invoker.java:1218)
	at org.testng.internal.TestMethodWorker.invokeTestMethods(TestMethodWorker.java:127)
	at org.testng.internal.TestMethodWorker.run(TestMethodWorker.java:111)
	at org.testng.TestRunner.privateRun(TestRunner.java:758)
	at org.testng.TestRunner.run(TestRunner.java:613)
	at org.testng.SuiteRunner.runTest(SuiteRunner.java:334)
	at org.testng.SuiteRunner.runSequentially(SuiteRunner.java:329)
	at org.testng.SuiteRunner.privateRun(SuiteRunner.java:291)
	at org.testng.SuiteRunner.run(SuiteRunner.java:240)
	at org.testng.SuiteRunnerWorker.runSuite(SuiteRunnerWorker.java:53)
	at org.testng.SuiteRunnerWorker.run(SuiteRunnerWorker.java:87)
	at org.testng.TestNG.runSuitesSequentially(TestNG.java:1170)
	at org.testng.TestNG.runSuitesLocally(TestNG.java:1095)
	at org.testng.TestNG.run(TestNG.java:1007)
	at org.apache.maven.surefire.testng.TestNGExecutor.run(TestNGExecutor.java:77)
	at org.apache.maven.surefire.testng.TestNGXmlTestSuite.execute(TestNGXmlTestSuite.java:92)
	at org.apache.maven.surefire.Surefire.run(Surefire.java:177)
	at sun.reflect.NativeMethodAccessorImpl.invoke0(Native Method)
	at sun.reflect.NativeMethodAccessorImpl.invoke(NativeMethodAccessorImpl.java:62)
	at sun.reflect.DelegatingMethodAccessorImpl.invoke(DelegatingMethodAccessorImpl.java:43)
	at java.lang.reflect.Method.invoke(Method.java:497)
	at org.apache.maven.surefire.booter.SurefireBooter.runSuitesInProcess(SurefireBooter.java:334)
	at org.apache.maven.surefire.booter.SurefireBooter.main(SurefireBooter.java:980)
</pre></div></td>
<td>1</td>
<td>com.netease.thread.QueryThread@6bdf28bb</td></tr>
<tr>
<td title='com.netease.comment.QueryUserComment.queryUserComment()'><b>queryUserComment</b><br>Test class: com.netease.comment.QueryUserComment<br>Parameters: As, eecc698764a1403d846bef6f9a01d90d, 400, 0, 10, 100, 50, 10</td>
<td><div><pre>java.lang.AssertionError: expected:&lt;400&gt; but was:&lt;422&gt;
	at com.netease.util.ReturnCheck.returnCheck(ReturnCheck.java:48)
	at com.netease.util.HttpRequest.httpGetRequest(HttpRequest.java:42)
	at com.netease.comment.QueryUserComment.queryUserComment(QueryUserComment.java:17)
	at org.apache.maven.surefire.testng.TestNGExecutor.run(TestNGExecutor.java:77)
	at org.apache.maven.surefire.testng.TestNGXmlTestSuite.execute(TestNGXmlTestSuite.java:92)
	at org.apache.maven.surefire.Surefire.run(Surefire.java:177)
	at org.apache.maven.surefire.booter.SurefireBooter.runSuitesInProcess(SurefireBooter.java:334)
	at org.apache.maven.surefire.booter.SurefireBooter.main(SurefireBooter.java:980)
... Removed 30 stack frames</pre></div><a href='#' onClick='toggleBox("stack-trace319644606", this, "Click to show all stack frames", "Click to hide stack frames")'>Click to show all stack frames</a>
<div class='stack-trace' id='stack-trace319644606'><pre>java.lang.AssertionError: expected:&lt;400&gt; but was:&lt;422&gt;
	at org.testng.Assert.fail(Assert.java:89)
	at org.testng.Assert.failNotEquals(Assert.java:489)
	at org.testng.Assert.assertEquals(Assert.java:118)
	at org.testng.Assert.assertEquals(Assert.java:171)
	at org.testng.Assert.assertEquals(Assert.java:181)
	at com.netease.util.ReturnCheck.returnCheck(ReturnCheck.java:48)
	at com.netease.util.HttpRequest.httpGetRequest(HttpRequest.java:42)
	at com.netease.comment.QueryUserComment.queryUserComment(QueryUserComment.java:17)
	at sun.reflect.NativeMethodAccessorImpl.invoke0(Native Method)
	at sun.reflect.NativeMethodAccessorImpl.invoke(NativeMethodAccessorImpl.java:62)
	at sun.reflect.DelegatingMethodAccessorImpl.invoke(DelegatingMethodAccessorImpl.java:43)
	at java.lang.reflect.Method.invoke(Method.java:497)
	at org.testng.internal.MethodInvocationHelper.invokeMethod(MethodInvocationHelper.java:80)
	at org.testng.internal.Invoker.invokeMethod(Invoker.java:701)
	at org.testng.internal.Invoker.invokeTestMethod(Invoker.java:893)
	at org.testng.internal.Invoker.invokeTestMethods(Invoker.java:1218)
	at org.testng.internal.TestMethodWorker.invokeTestMethods(TestMethodWorker.java:127)
	at org.testng.internal.TestMethodWorker.run(TestMethodWorker.java:111)
	at org.testng.TestRunner.privateRun(TestRunner.java:758)
	at org.testng.TestRunner.run(TestRunner.java:613)
	at org.testng.SuiteRunner.runTest(SuiteRunner.java:334)
	at org.testng.SuiteRunner.runSequentially(SuiteRunner.java:329)
	at org.testng.SuiteRunner.privateRun(SuiteRunner.java:291)
	at org.testng.SuiteRunner.run(SuiteRunner.java:240)
	at org.testng.SuiteRunnerWorker.runSuite(SuiteRunnerWorker.java:53)
	at org.testng.SuiteRunnerWorker.run(SuiteRunnerWorker.java:87)
	at org.testng.TestNG.runSuitesSequentially(TestNG.java:1170)
	at org.testng.TestNG.runSuitesLocally(TestNG.java:1095)
	at org.testng.TestNG.run(TestNG.java:1007)
	at org.apache.maven.surefire.testng.TestNGExecutor.run(TestNGExecutor.java:77)
	at org.apache.maven.surefire.testng.TestNGXmlTestSuite.execute(TestNGXmlTestSuite.java:92)
	at org.apache.maven.surefire.Surefire.run(Surefire.java:177)
	at sun.reflect.NativeMethodAccessorImpl.invoke0(Native Method)
	at sun.reflect.NativeMethodAccessorImpl.invoke(NativeMethodAccessorImpl.java:62)
	at sun.reflect.DelegatingMethodAccessorImpl.invoke(DelegatingMethodAccessorImpl.java:43)
	at java.lang.reflect.Method.invoke(Method.java:497)
	at org.apache.maven.surefire.booter.SurefireBooter.runSuitesInProcess(SurefireBooter.java:334)
	at org.apache.maven.surefire.booter.SurefireBooter.main(SurefireBooter.java:980)
</pre></div></td>
<td>0</td>
<td>com.netease.comment.QueryUserComment@2f7c7260</td></tr>
<tr>
<td title='com.netease.comment.VoteComment.voteComment()'><b>voteComment</b><br>Test class: com.netease.comment.VoteComment<br>Parameters: A014A5A11001768D, eecc698764a1403d846bef6f9a01d90d, 153697, 200</td>
<td><div><pre>java.lang.AssertionError: expected:&lt;200&gt; but was:&lt;404&gt;
	at com.netease.util.ReturnCheck.returnCheck(ReturnCheck.java:42)
	at com.netease.util.HttpRequest.httpPostRequest(HttpRequest.java:81)
	at com.netease.comment.VoteComment.voteComment(VoteComment.java:18)
	at org.apache.maven.surefire.testng.TestNGExecutor.run(TestNGExecutor.java:77)
	at org.apache.maven.surefire.testng.TestNGXmlTestSuite.execute(TestNGXmlTestSuite.java:92)
	at org.apache.maven.surefire.Surefire.run(Surefire.java:177)
	at org.apache.maven.surefire.booter.SurefireBooter.runSuitesInProcess(SurefireBooter.java:334)
	at org.apache.maven.surefire.booter.SurefireBooter.main(SurefireBooter.java:980)
... Removed 30 stack frames</pre></div><a href='#' onClick='toggleBox("stack-trace60292059", this, "Click to show all stack frames", "Click to hide stack frames")'>Click to show all stack frames</a>
<div class='stack-trace' id='stack-trace60292059'><pre>java.lang.AssertionError: expected:&lt;200&gt; but was:&lt;404&gt;
	at org.testng.Assert.fail(Assert.java:89)
	at org.testng.Assert.failNotEquals(Assert.java:489)
	at org.testng.Assert.assertEquals(Assert.java:118)
	at org.testng.Assert.assertEquals(Assert.java:171)
	at org.testng.Assert.assertEquals(Assert.java:181)
	at com.netease.util.ReturnCheck.returnCheck(ReturnCheck.java:42)
	at com.netease.util.HttpRequest.httpPostRequest(HttpRequest.java:81)
	at com.netease.comment.VoteComment.voteComment(VoteComment.java:18)
	at sun.reflect.NativeMethodAccessorImpl.invoke0(Native Method)
	at sun.reflect.NativeMethodAccessorImpl.invoke(NativeMethodAccessorImpl.java:62)
	at sun.reflect.DelegatingMethodAccessorImpl.invoke(DelegatingMethodAccessorImpl.java:43)
	at java.lang.reflect.Method.invoke(Method.java:497)
	at org.testng.internal.MethodInvocationHelper.invokeMethod(MethodInvocationHelper.java:80)
	at org.testng.internal.Invoker.invokeMethod(Invoker.java:701)
	at org.testng.internal.Invoker.invokeTestMethod(Invoker.java:893)
	at org.testng.internal.Invoker.invokeTestMethods(Invoker.java:1218)
	at org.testng.internal.TestMethodWorker.invokeTestMethods(TestMethodWorker.java:127)
	at org.testng.internal.TestMethodWorker.run(TestMethodWorker.java:111)
	at org.testng.TestRunner.privateRun(TestRunner.java:758)
	at org.testng.TestRunner.run(TestRunner.java:613)
	at org.testng.SuiteRunner.runTest(SuiteRunner.java:334)
	at org.testng.SuiteRunner.runSequentially(SuiteRunner.java:329)
	at org.testng.SuiteRunner.privateRun(SuiteRunner.java:291)
	at org.testng.SuiteRunner.run(SuiteRunner.java:240)
	at org.testng.SuiteRunnerWorker.runSuite(SuiteRunnerWorker.java:53)
	at org.testng.SuiteRunnerWorker.run(SuiteRunnerWorker.java:87)
	at org.testng.TestNG.runSuitesSequentially(TestNG.java:1170)
	at org.testng.TestNG.runSuitesLocally(TestNG.java:1095)
	at org.testng.TestNG.run(TestNG.java:1007)
	at org.apache.maven.surefire.testng.TestNGExecutor.run(TestNGExecutor.java:77)
	at org.apache.maven.surefire.testng.TestNGXmlTestSuite.execute(TestNGXmlTestSuite.java:92)
	at org.apache.maven.surefire.Surefire.run(Surefire.java:177)
	at sun.reflect.NativeMethodAccessorImpl.invoke0(Native Method)
	at sun.reflect.NativeMethodAccessorImpl.invoke(NativeMethodAccessorImpl.java:62)
	at sun.reflect.DelegatingMethodAccessorImpl.invoke(DelegatingMethodAccessorImpl.java:43)
	at java.lang.reflect.Method.invoke(Method.java:497)
	at org.apache.maven.surefire.booter.SurefireBooter.runSuitesInProcess(SurefireBooter.java:334)
	at org.apache.maven.surefire.booter.SurefireBooter.main(SurefireBooter.java:980)
</pre></div></td>
<td>0</td>
<td>com.netease.comment.VoteComment@2752f6e2</td></tr>
</table><p>
<table width='100%' border='1' class='invocation-passed'>
<tr><td colspan='4' align='center'><b>PASSED TESTS</b></td></tr>
<tr><td><b>Test method</b></td>
<td width="30%"><b>Exception</b></td>
<td width="10%"><b>Time (seconds)</b></td>
<td><b>Instance</b></td>
</tr>
<tr>
<td title='com.netease.comment.AgainstComment.againstComment()'><b>againstComment</b><br>Test class: com.netease.comment.AgainstComment<br>Parameters: asdfg, eecc698764a1403d846bef6f9a01d90d, 11, 404</td>
<td></td>
<td>0</td>
<td>com.netease.comment.AgainstComment@2d209079</td></tr>
<tr>
<td title='com.netease.comment.AgainstComment.againstComment()'><b>againstComment</b><br>Test class: com.netease.comment.AgainstComment<br>Parameters: A014A5A11001768D, eecc698764a1403d846bef6f9a01d90d, 100, 404</td>
<td></td>
<td>0</td>
<td>com.netease.comment.AgainstComment@2d209079</td></tr>
<tr>
<td title='com.netease.comment.AgainstComment.againstComment()'><b>againstComment</b><br>Test class: com.netease.comment.AgainstComment<br>Parameters: A014A5A11001768D, wrongproduct, 397, 404</td>
<td></td>
<td>0</td>
<td>com.netease.comment.AgainstComment@2d209079</td></tr>
<tr>
<td title='com.netease.comment.AgainstComment.againstComment()'><b>againstComment</b><br>Test class: com.netease.comment.AgainstComment<br>Parameters: A014A5A11001768D, , 397, 404</td>
<td></td>
<td>0</td>
<td>com.netease.comment.AgainstComment@2d209079</td></tr>
<tr>
<td title='com.netease.comment.AgainstComment.againstComment()'><b>againstComment</b><br>Test class: com.netease.comment.AgainstComment<br>Parameters: , eecc698764a1403d846bef6f9a01d90d, 397, 404</td>
<td></td>
<td>0</td>
<td>com.netease.comment.AgainstComment@2d209079</td></tr>
<tr>
<td title='com.netease.comment.AgainstComment.againstComment()'><b>againstComment</b><br>Test class: com.netease.comment.AgainstComment<br>Parameters: , , 1, 404</td>
<td></td>
<td>0</td>
<td>com.netease.comment.AgainstComment@2d209079</td></tr>
<tr>
<td title='com.netease.thread.CreateThread.creatThread()'><b>creatThread</b><br>Test class: com.netease.thread.CreateThread<br>Parameters: http://gentie.163.com:8181/api/v1/products/eecc698764a1403d846bef6f9a01d90d/threads, http://tie.163.com1111, test1, 16, true, true, true, true, POST, 201</td>
<td></td>
<td>0</td>
<td>com.netease.thread.CreateThread@1d251891</td></tr>
<tr>
<td title='com.netease.thread.CreateThread.creatThread()'><b>creatThread</b><br>Test class: com.netease.thread.CreateThread<br>Parameters: http://gentie.163.com:8181/api/v1/products/eecc698764a1403d846bef6f9a01d90d/threads, , test1, 16, false, false, false, true, POST, 422</td>
<td></td>
<td>0</td>
<td>com.netease.thread.CreateThread@1d251891</td></tr>
<tr>
<td title='com.netease.thread.CreateThread.creatThread()'><b>creatThread</b><br>Test class: com.netease.thread.CreateThread<br>Parameters: http://gentie.163.com:8181/api/v1/products/eecc698764a1403d846bef6f9a01d90d/threads, http, , 26, false, false, false, true, POST, 422</td>
<td></td>
<td>0</td>
<td>com.netease.thread.CreateThread@1d251891</td></tr>
<tr>
<td title='com.netease.thread.CreateThread.creatThread()'><b>creatThread</b><br>Test class: com.netease.thread.CreateThread<br>Parameters: http://gentie.163.com:8181/api/v1/products/eecc698764a1403d846bef6f9a01d90d/threads, http, test, 0, false, false, false, true, POST, 422</td>
<td></td>
<td>0</td>
<td>com.netease.thread.CreateThread@1d251891</td></tr>
<tr>
<td title='com.netease.thread.CreateThread.creatThread()'><b>creatThread</b><br>Test class: com.netease.thread.CreateThread<br>Parameters: http://gentie.163.com:8181/api/v1/products/eecc698764a1403d846bef6f9a01d90d/threads, qwertyuiopqwertyuiopqwertyuiopqwertyuiopqwertyuiopqwertyuiopqwertyuiopqwertyuiopqwertyuiopqwertyuiopqwertyuiopqwertyuiopqwertyuiopqwertyuiopqwertyuiopqwertyuiopqwertyuiopqwertyuiopqwertyuiopqwertyuiopqwertyuiopqwertyuiopqwertyuiopqwertyuiopqwertyuiopqwertyuiopqwertyuiopqwertyuiopqwertyuiopqwertyuiop1, test5, 16, false, false, false, true, POST, 422</td>
<td></td>
<td>0</td>
<td>com.netease.thread.CreateThread@1d251891</td></tr>
<tr>
<td title='com.netease.thread.CreateThread.creatThread()'><b>creatThread</b><br>Test class: com.netease.thread.CreateThread<br>Parameters: http://gentie.163.com:8181/api/v1/products/eecc698764a1403d846bef6f9a01d90d/threads, http://tie.163.com111, testtesttesttesttesttesttesttesttesttesttesttesttesttesttesttesttesttesttesttesttesttesttesttesttesttesttesttesttesttesttesttesttesttesttesttesttesttesttesttesttesttesttesttesttesttesttesttesttesttesttesttesttesttesttesttesttesttesttesttesttesttesttesttesttesttesttesttesttesttesttesttesttesttesttesttesttesttesttesttesttesttesttesttesttesttesttesttesttesttesttesttesttesttesttesttesttesttesttesttest1, 16, false, false, false, true, POST, 422</td>
<td></td>
<td>0</td>
<td>com.netease.thread.CreateThread@1d251891</td></tr>
<tr>
<td title='com.netease.thread.CreateThread.creatThread()'><b>creatThread</b><br>Test class: com.netease.thread.CreateThread<br>Parameters: http://gentie.163.com:8181/api/v1/products/eecc698764a1403d846bef6f9a01d90d/threads, http://tie.163.com111, test6, 22, false, false, false, true, POST, 422</td>
<td></td>
<td>0</td>
<td>com.netease.thread.CreateThread@1d251891</td></tr>
<tr>
<td title='com.netease.thread.CreateThread.creatThread()'><b>creatThread</b><br>Test class: com.netease.thread.CreateThread<br>Parameters: http://gentie.163.com:8181/api/v1/products/eecc698764a1403d846bef6f9a01d90d/threads, qertyuiopqwertyuiopqwertyuiopqwertyuiopqwertyuiopqwertyuiopqwertyuiopqwertyuiopqwertyuiopqwertyuiopqwertyuiopqwertyuiopqwertyuiopqwertyuiopqwertyuiopqwertyuiopqwertyuiopqwertyuiopqwertyuiopqwertyuiopqwertyuiopqwertyuiopqwertyuiopqwertyuiopqwertyuiopqwertyuiopqwertyuiopqwertyuiopqwertyuiopqwertyuiop1, test7, 16, false, false, false, true, POST, 201</td>
<td></td>
<td>0</td>
<td>com.netease.thread.CreateThread@1d251891</td></tr>
<tr>
<td title='com.netease.thread.CreateThread.creatThread()'><b>creatThread</b><br>Test class: com.netease.thread.CreateThread<br>Parameters: http://gentie.163.com:8181/api/v1/products/eecc698764a1403d846bef6f9a01d90d/threads, http://tie.163.com111, esttesttesttesttesttesttesttesttesttesttesttesttesttesttesttesttesttesttesttesttesttesttesttesttesttesttesttesttesttesttesttesttesttesttesttesttesttesttesttesttesttesttesttesttesttesttesttesttesttesttesttesttesttesttesttesttesttesttesttesttesttesttesttesttesttesttesttesttesttesttesttesttesttesttesttesttesttesttesttesttesttesttesttesttesttesttesttesttesttesttesttesttesttesttesttesttesttesttesttest1, 16, false, false, false, true, POST, 201</td>
<td></td>
<td>0</td>
<td>com.netease.thread.CreateThread@1d251891</td></tr>
<tr>
<td title='com.netease.thread.CreateThread.creatThread()'><b>creatThread</b><br>Test class: com.netease.thread.CreateThread<br>Parameters: http://gentie.163.com:8181/api/v1/products/eecc698764a1403d846bef6f9a01d90d/threads, http://tie.163.com111, test10, 20, false, false, false, true, POST, 201</td>
<td></td>
<td>0</td>
<td>com.netease.thread.CreateThread@1d251891</td></tr>
<tr>
<td title='com.netease.comment.CreateComment.createComment()'><b>createComment</b><br>Test class: com.netease.comment.CreateComment<br>Parameters: eecc698764a1403d846bef6f9a01d90d, A014A5A11001768D, false, contenttest2, 0, imageurlaaaa, extsssssssss, 201</td>
<td></td>
<td>0</td>
<td>com.netease.comment.CreateComment@48140564</td></tr>
<tr>
<td title='com.netease.comment.CreateComment.createComment()'><b>createComment</b><br>Test class: com.netease.comment.CreateComment<br>Parameters: eecc698764a1403d846bef6f9a01d90d, A014A5A11001768D, false, contenttest2, 0, , extsssssssss, 201</td>
<td></td>
<td>0</td>
<td>com.netease.comment.CreateComment@48140564</td></tr>
<tr>
<td title='com.netease.comment.CreateComment.createComment()'><b>createComment</b><br>Test class: com.netease.comment.CreateComment<br>Parameters: eecc698764a1403d846bef6f9a01d90d, A014A5A11001768D, false, contenttest2, 0, 中文, extsssssssss, 201</td>
<td></td>
<td>0</td>
<td>com.netease.comment.CreateComment@48140564</td></tr>
<tr>
<td title='com.netease.comment.CreateComment.createComment()'><b>createComment</b><br>Test class: com.netease.comment.CreateComment<br>Parameters: eecc698764a1403d846bef6f9a01d90d, A014A5A11001768D, false, contenttest, 153697, 1urlteurlteurlteurlteurlteurlteurlteurlteurlteurlteurlteurlteurlteurlteurlteurlteurlteurlteurlteurlteurlteurlteurlteurlteurlteurlteurlteurlteurlteurlteurlteurlteurlteurlteurlteurlteurlteurlteurlteurlteurlteurlteurlteurlteurlteurlteurlteurlteurlteurlteurlteurlteurlteurlteurlteurlteurlteurlteurlteurlte, extsssssssss, 422</td>
<td></td>
<td>0</td>
<td>com.netease.comment.CreateComment@48140564</td></tr>
<tr>
<td title='com.netease.comment.DeleteComment.deleteComment()'><b>deleteComment</b><br>Test class: com.netease.comment.DeleteComment<br>Parameters: , A014A5A11001768D, 153697, false, 404</td>
<td></td>
<td>0</td>
<td>com.netease.comment.DeleteComment@7c75222b</td></tr>
<tr>
<td title='com.netease.comment.DeleteComment.deleteComment()'><b>deleteComment</b><br>Test class: com.netease.comment.DeleteComment<br>Parameters: wrongproduct, A014A5A11001768D, 153697, false, 404</td>
<td></td>
<td>0</td>
<td>com.netease.comment.DeleteComment@7c75222b</td></tr>
<tr>
<td title='com.netease.comment.DeleteComment.deleteComment()'><b>deleteComment</b><br>Test class: com.netease.comment.DeleteComment<br>Parameters: eecc698764a1403d846bef6f9a01d90d, , 153697, false, 404</td>
<td></td>
<td>0</td>
<td>com.netease.comment.DeleteComment@7c75222b</td></tr>
<tr>
<td title='com.netease.comment.DeleteComment.deleteComment()'><b>deleteComment</b><br>Test class: com.netease.comment.DeleteComment<br>Parameters: eecc698764a1403d846bef6f9a01d90d, wrongthreadid, 153697, false, 404</td>
<td></td>
<td>0</td>
<td>com.netease.comment.DeleteComment@7c75222b</td></tr>
<tr>
<td title='com.netease.comment.DeleteComment.deleteComment()'><b>deleteComment</b><br>Test class: com.netease.comment.DeleteComment<br>Parameters: eecc698764a1403d846bef6f9a01d90d, A014A5A11001768D, , false, 404</td>
<td></td>
<td>0</td>
<td>com.netease.comment.DeleteComment@7c75222b</td></tr>
<tr>
<td title='com.netease.comment.DeleteComment.deleteComment()'><b>deleteComment</b><br>Test class: com.netease.comment.DeleteComment<br>Parameters: eecc698764a1403d846bef6f9a01d90d, A014A5A11001768D, 1, false, 404</td>
<td></td>
<td>0</td>
<td>com.netease.comment.DeleteComment@7c75222b</td></tr>
<tr>
<td title='com.netease.thread.ModifyThread.modifyRequest()'><b>modifyRequest</b><br>Test class: com.netease.thread.ModifyThread<br>Parameters: http://gentie.163.com:8181/api/v1/products/eecc698764a1403d846bef6f9a01d90d/threads/B014A5A11001768D, http://tie.163.com11112, test2, B014A5A11001768D, false, false, false, true, PUT, 200</td>
<td></td>
<td>0</td>
<td>com.netease.thread.ModifyThread@4c203ea1</td></tr>
<tr>
<td title='com.netease.thread.ModifyThread.modifyRequest()'><b>modifyRequest</b><br>Test class: com.netease.thread.ModifyThread<br>Parameters: http://gentie.163.com:8181/api/v1/products/eecc698764a1403d846bef6f9a01d90d/threads/B014A5A11001768D, , test1, C4C4A5A11001768F, false, false, false, true, PUT, 200</td>
<td></td>
<td>0</td>
<td>com.netease.thread.ModifyThread@4c203ea1</td></tr>
<tr>
<td title='com.netease.thread.ModifyThread.modifyRequest()'><b>modifyRequest</b><br>Test class: com.netease.thread.ModifyThread<br>Parameters: http://gentie.163.com:8181/api/v1/products/eecc698764a1403d846bef6f9a01d90d/threads/B014A5A11001768D, http, , C4C4A5A11001768R, false, false, false, true, PUT, 200</td>
<td></td>
<td>0</td>
<td>com.netease.thread.ModifyThread@4c203ea1</td></tr>
<tr>
<td title='com.netease.thread.ModifyThread.modifyRequest()'><b>modifyRequest</b><br>Test class: com.netease.thread.ModifyThread<br>Parameters: http://gentie.163.com:8181/api/v1/products/eecc698764a1403d846bef6f9a01d90d/threads/B014A5A11001768D, http, test, , false, false, false, true, PUT, 200</td>
<td></td>
<td>0</td>
<td>com.netease.thread.ModifyThread@4c203ea1</td></tr>
<tr>
<td title='com.netease.thread.ModifyThread.modifyRequest()'><b>modifyRequest</b><br>Test class: com.netease.thread.ModifyThread<br>Parameters: http://gentie.163.com:8181/api/v1/products/eecc698764a1403d846bef6f9a01d90d/threads/B014A5A11001768D, qwertyuiopqwertyuiopqwertyuiopqwertyuiopqwertyuiopqwertyuiopqwertyuiopqwertyuiopqwertyuiopqwertyuiopqwertyuiopqwertyuiopqwertyuiopqwertyuiopqwertyuiopqwertyuiopqwertyuiopqwertyuiopqwertyuiopqwertyuiopqwertyuiopqwertyuiopqwertyuiopqwertyuiopqwertyuiopqwertyuiopqwertyuiopqwertyuiopqwertyuiopqwertyuiop1, test5, C4C4A5A11001768F, false, false, false, true, PUT, 422</td>
<td></td>
<td>0</td>
<td>com.netease.thread.ModifyThread@4c203ea1</td></tr>
<tr>
<td title='com.netease.thread.ModifyThread.modifyRequest()'><b>modifyRequest</b><br>Test class: com.netease.thread.ModifyThread<br>Parameters: http://gentie.163.com:8181/api/v1/products/eecc698764a1403d846bef6f9a01d90d/threads/B014A5A11001768D, http://tie.163.com111, testtesttesttesttesttesttesttesttesttesttesttesttesttesttesttesttesttesttesttesttesttesttesttesttesttesttesttesttesttesttesttesttesttesttesttesttesttesttesttesttesttesttesttesttesttesttesttesttesttesttesttesttesttesttesttesttesttesttesttesttesttesttesttesttesttesttesttesttesttesttesttesttesttesttesttesttesttesttesttesttesttesttesttesttesttesttesttesttesttesttesttesttesttesttesttesttesttesttesttest1, C4C4A5A11001768F, false, false, false, true, PUT, 422</td>
<td></td>
<td>0</td>
<td>com.netease.thread.ModifyThread@4c203ea1</td></tr>
<tr>
<td title='com.netease.thread.ModifyThread.modifyRequest()'><b>modifyRequest</b><br>Test class: com.netease.thread.ModifyThread<br>Parameters: http://gentie.163.com:8181/api/v1/products/eecc698764a1403d846bef6f9a01d90d/threads/B014A5A11001768D, http://tie.163.com111, test6, C4C4A5A11001768Saaaaaa, false, false, false, true, PUT, 200</td>
<td></td>
<td>0</td>
<td>com.netease.thread.ModifyThread@4c203ea1</td></tr>
<tr>
<td title='com.netease.thread.ModifyThread.modifyRequest()'><b>modifyRequest</b><br>Test class: com.netease.thread.ModifyThread<br>Parameters: http://gentie.163.com:8181/api/v1/products/eecc698764a1403d846bef6f9a01d90d/threads/B014A5A11001768D, qertyuiopqwertyuiopqwertyuiopqwertyuiopqwertyuiopqwertyuiopqwertyuiopqwertyuiopqwertyuiopqwertyuiopqwertyuiopqwertyuiopqwertyuiopqwertyuiopqwertyuiopqwertyuiopqwertyuiopqwertyuiopqwertyuiopqwertyuiopqwertyuiopqwertyuiopqwertyuiopqwertyuiopqwertyuiopqwertyuiopqwertyuiopqwertyuiopqwertyuiopqwertyuiop1, test7, abc, false, false, false, true, PUT, 200</td>
<td></td>
<td>0</td>
<td>com.netease.thread.ModifyThread@4c203ea1</td></tr>
<tr>
<td title='com.netease.thread.ModifyThread.modifyRequest()'><b>modifyRequest</b><br>Test class: com.netease.thread.ModifyThread<br>Parameters: http://gentie.163.com:8181/api/v1/products/eecc698764a1403d846bef6f9a01d90d/threads/B014A5A11001768D, http://tie.163.com111, esttesttesttesttesttesttesttesttesttesttesttesttesttesttesttesttesttesttesttesttesttesttesttesttesttesttesttesttesttesttesttesttesttesttesttesttesttesttesttesttesttesttesttesttesttesttesttesttesttesttesttesttesttesttesttesttesttesttesttesttesttesttesttesttesttesttesttesttesttesttesttesttesttesttesttesttesttesttesttesttesttesttesttesttesttesttesttesttesttesttesttesttesttesttesttesttesttesttesttest1, abc, false, false, false, true, PUT, 200</td>
<td></td>
<td>0</td>
<td>com.netease.thread.ModifyThread@4c203ea1</td></tr>
<tr>
<td title='com.netease.thread.ModifyThread.modifyRequest()'><b>modifyRequest</b><br>Test class: com.netease.thread.ModifyThread<br>Parameters: http://gentie.163.com:8181/api/v1/products/eecc698764a1403d846bef6f9a01d90d/threads/B014A5A11001768D, http://tie.163.com111, test10, wertyuiopqwertyuiop, false, false, false, true, PUT, 200</td>
<td></td>
<td>0</td>
<td>com.netease.thread.ModifyThread@4c203ea1</td></tr>
<tr>
<td title='com.netease.user.QueryAuthUser.queryAuthUser()'><b>queryAuthUser</b><br>Test class: com.netease.user.QueryAuthUser<br>Parameters: eecc698764a1403d846bef6f9a01d90d, 200</td>
<td></td>
<td>0</td>
<td>com.netease.user.QueryAuthUser@1cd072a9</td></tr>
<tr>
<td title='com.netease.user.QueryAuthUser.queryAuthUser()'><b>queryAuthUser</b><br>Test class: com.netease.user.QueryAuthUser<br>Parameters: eecc698764a1403d846bef6f9a01d90, 404</td>
<td></td>
<td>0</td>
<td>com.netease.user.QueryAuthUser@1cd072a9</td></tr>
<tr>
<td title='com.netease.user.QueryAuthUser.queryAuthUser()'><b>queryAuthUser</b><br>Test class: com.netease.user.QueryAuthUser<br>Parameters: wrongproductkey, 404</td>
<td></td>
<td>0</td>
<td>com.netease.user.QueryAuthUser@1cd072a9</td></tr>
<tr>
<td title='com.netease.user.QueryAuthUser.queryAuthUser()'><b>queryAuthUser</b><br>Test class: com.netease.user.QueryAuthUser<br>Parameters: , 404</td>
<td></td>
<td>0</td>
<td>com.netease.user.QueryAuthUser@1cd072a9</td></tr>
<tr>
<td title='com.netease.comment.QueryComment.queryComment()'><b>queryComment</b><br>Test class: com.netease.comment.QueryComment<br>Parameters: , eecc698764a1403d846bef6f9a01d90d, 404, 153697</td>
<td></td>
<td>0</td>
<td>com.netease.comment.QueryComment@27f674d</td></tr>
<tr>
<td title='com.netease.comment.QueryComment.queryComment()'><b>queryComment</b><br>Test class: com.netease.comment.QueryComment<br>Parameters: A014A5A1, eecc698764a1403d846bef6f9a01d90d, 404, 153697</td>
<td></td>
<td>0</td>
<td>com.netease.comment.QueryComment@27f674d</td></tr>
<tr>
<td title='com.netease.comment.QueryComment.queryComment()'><b>queryComment</b><br>Test class: com.netease.comment.QueryComment<br>Parameters: A014A5A11001768D, , 404, 153697</td>
<td></td>
<td>0</td>
<td>com.netease.comment.QueryComment@27f674d</td></tr>
<tr>
<td title='com.netease.comment.QueryComment.queryComment()'><b>queryComment</b><br>Test class: com.netease.comment.QueryComment<br>Parameters: A014A5A11001768D, e98764a1403d846bef6f9a01d90d, 404, 153697</td>
<td></td>
<td>0</td>
<td>com.netease.comment.QueryComment@27f674d</td></tr>
<tr>
<td title='com.netease.comment.QueryComment.queryComment()'><b>queryComment</b><br>Test class: com.netease.comment.QueryComment<br>Parameters: A014A5A11001768D, eecc698764a1403d846bef6f9a01d90d, 404, </td>
<td></td>
<td>0</td>
<td>com.netease.comment.QueryComment@27f674d</td></tr>
<tr>
<td title='com.netease.comment.QueryComment.queryComment()'><b>queryComment</b><br>Test class: com.netease.comment.QueryComment<br>Parameters: A014A5A11001768D, eecc698764a1403d846bef6f9a01d90d, 404, 17</td>
<td></td>
<td>0</td>
<td>com.netease.comment.QueryComment@27f674d</td></tr>
<tr>
<td title='com.netease.comment.QueryComment.queryComment()'><b>queryComment</b><br>Test class: com.netease.comment.QueryComment<br>Parameters: B014A5A11001768D, eecc698764a1403d846bef6f9a01d90d, 404, 153697</td>
<td></td>
<td>0</td>
<td>com.netease.comment.QueryComment@27f674d</td></tr>
<tr>
<td title='com.netease.comment.QueryNewComment.queryHotComment()'><b>queryHotComment</b><br>Test class: com.netease.comment.QueryNewComment<br>Parameters: A014A5A11001768D, eecc698764a1403d846bef6f9a01d90d, 200, 0, 10, 100, 50, 10</td>
<td></td>
<td>0</td>
<td>com.netease.comment.QueryNewComment@e580929</td></tr>
<tr>
<td title='com.netease.comment.QueryNewComment.queryHotComment()'><b>queryHotComment</b><br>Test class: com.netease.comment.QueryNewComment<br>Parameters: A014A5A11001768D, eecc698764a1403d846bef6f9a01d90d, 200, 0, 9, 90, 45, 18</td>
<td></td>
<td>0</td>
<td>com.netease.comment.QueryNewComment@e580929</td></tr>
<tr>
<td title='com.netease.comment.QueryNewComment.queryHotComment()'><b>queryHotComment</b><br>Test class: com.netease.comment.QueryNewComment<br>Parameters: A014A5A11001768D, eecc698764a1403d846bef6f9a01d90d, 200, 0, 8, 80, 35, 17</td>
<td></td>
<td>0</td>
<td>com.netease.comment.QueryNewComment@e580929</td></tr>
<tr>
<td title='com.netease.comment.QueryNewComment.queryHotComment()'><b>queryHotComment</b><br>Test class: com.netease.comment.QueryNewComment<br>Parameters: A014A5A11001768D, eecc698764a1403d846bef6f9a01d90d, 200, 0, 7, 70, 25, 16</td>
<td></td>
<td>0</td>
<td>com.netease.comment.QueryNewComment@e580929</td></tr>
<tr>
<td title='com.netease.comment.QueryNewComment.queryHotComment()'><b>queryHotComment</b><br>Test class: com.netease.comment.QueryNewComment<br>Parameters: A014A5A11001768D, eecc698764a1403d846bef6f9a01d90d, 200, 0, 6, 60, 15, 15</td>
<td></td>
<td>0</td>
<td>com.netease.comment.QueryNewComment@e580929</td></tr>
<tr>
<td title='com.netease.comment.QueryNewComment.queryHotComment()'><b>queryHotComment</b><br>Test class: com.netease.comment.QueryNewComment<br>Parameters: A014A5A11001768D, eecc698764a1403d846bef6f9a01d90d, 200, 0, 5, 50, 16, 14</td>
<td></td>
<td>0</td>
<td>com.netease.comment.QueryNewComment@e580929</td></tr>
<tr>
<td title='com.netease.comment.QueryNewComment.queryHotComment()'><b>queryHotComment</b><br>Test class: com.netease.comment.QueryNewComment<br>Parameters: A014A5A11001768D, eecc698764a1403d846bef6f9a01d90d, 200, 0, 4, 40, 17, 13</td>
<td></td>
<td>0</td>
<td>com.netease.comment.QueryNewComment@e580929</td></tr>
<tr>
<td title='com.netease.comment.QueryNewComment.queryHotComment()'><b>queryHotComment</b><br>Test class: com.netease.comment.QueryNewComment<br>Parameters: A014A5A11001768D, eecc698764a1403d846bef6f9a01d90d, 200, 0, 3, 30, 18, 12</td>
<td></td>
<td>0</td>
<td>com.netease.comment.QueryNewComment@e580929</td></tr>
<tr>
<td title='com.netease.comment.QueryNewComment.queryHotComment()'><b>queryHotComment</b><br>Test class: com.netease.comment.QueryNewComment<br>Parameters: A014A5A11001768D, eecc698764a1403d846bef6f9a01d90d, 200, 0, 2, 20, 10, 11</td>
<td></td>
<td>0</td>
<td>com.netease.comment.QueryNewComment@e580929</td></tr>
<tr>
<td title='com.netease.comment.QueryNewComment.queryHotComment()'><b>queryHotComment</b><br>Test class: com.netease.comment.QueryNewComment<br>Parameters: A014A5A11001768D, eecc698764a1403d846bef6f9a01d90d, 200, 0, 1, 10, 5, 6</td>
<td></td>
<td>0</td>
<td>com.netease.comment.QueryNewComment@e580929</td></tr>
<tr>
<td title='com.netease.comment.QueryNewComment.queryHotComment()'><b>queryHotComment</b><br>Test class: com.netease.comment.QueryNewComment<br>Parameters: , eecc698764a1403d846bef6f9a01d90d, 404, 0, 10, 100, 50, 10</td>
<td></td>
<td>0</td>
<td>com.netease.comment.QueryNewComment@e580929</td></tr>
<tr>
<td title='com.netease.comment.QueryNewComment.queryHotComment()'><b>queryHotComment</b><br>Test class: com.netease.comment.QueryNewComment<br>Parameters: A024A5A110, eecc698764a1403d846bef6f9a01d90d, 404, 0, 10, 100, 50, 10</td>
<td></td>
<td>0</td>
<td>com.netease.comment.QueryNewComment@e580929</td></tr>
<tr>
<td title='com.netease.comment.QueryNewComment.queryHotComment()'><b>queryHotComment</b><br>Test class: com.netease.comment.QueryNewComment<br>Parameters: A014A5A11001768D, wrongproduct, 404, 0, 10, 100, 50, 10</td>
<td></td>
<td>0</td>
<td>com.netease.comment.QueryNewComment@e580929</td></tr>
<tr>
<td title='com.netease.comment.QueryNewComment.queryHotComment()'><b>queryHotComment</b><br>Test class: com.netease.comment.QueryNewComment<br>Parameters: A014A5A11001768D, , 404, 0, 10, 100, 50, 10</td>
<td></td>
<td>0</td>
<td>com.netease.comment.QueryNewComment@e580929</td></tr>
<tr>
<td title='com.netease.comment.QueryNewComment.queryHotComment()'><b>queryHotComment</b><br>Test class: com.netease.comment.QueryNewComment<br>Parameters: A014A5A11001768D, eecc698764a1403d846bef6f9a01d90d/aaa, 404, 0, 10, 100, 50, 10</td>
<td></td>
<td>0</td>
<td>com.netease.comment.QueryNewComment@e580929</td></tr>
<tr>
<td title='com.netease.comment.QueryNewComment.queryHotComment()'><b>queryHotComment</b><br>Test class: com.netease.comment.QueryNewComment<br>Parameters: A014A5A11001768D, eecc698764a1403d846bef6f9a01d90d, 422, -1, 10, 100, 50, 10</td>
<td></td>
<td>0</td>
<td>com.netease.comment.QueryNewComment@e580929</td></tr>
<tr>
<td title='com.netease.comment.QueryNewComment.queryHotComment()'><b>queryHotComment</b><br>Test class: com.netease.comment.QueryNewComment<br>Parameters: A014A5A11001768D, eecc698764a1403d846bef6f9a01d90d, 422, 0, -1, 100, 50, 10</td>
<td></td>
<td>0</td>
<td>com.netease.comment.QueryNewComment@e580929</td></tr>
<tr>
<td title='com.netease.comment.QueryNewComment.queryHotComment()'><b>queryHotComment</b><br>Test class: com.netease.comment.QueryNewComment<br>Parameters: A014A5A11001768D, eecc698764a1403d846bef6f9a01d90d, 422, 0, 10, -1, 50, 10</td>
<td></td>
<td>0</td>
<td>com.netease.comment.QueryNewComment@e580929</td></tr>
<tr>
<td title='com.netease.comment.QueryNewComment.queryHotComment()'><b>queryHotComment</b><br>Test class: com.netease.comment.QueryNewComment<br>Parameters: A014A5A11001768D, eecc698764a1403d846bef6f9a01d90d, 422, 0, 10, 100, -1, 10</td>
<td></td>
<td>0</td>
<td>com.netease.comment.QueryNewComment@e580929</td></tr>
<tr>
<td title='com.netease.comment.QueryNewComment.queryHotComment()'><b>queryHotComment</b><br>Test class: com.netease.comment.QueryNewComment<br>Parameters: A014A5A11001768D, eecc698764a1403d846bef6f9a01d90d, 422, 0, 10, 100, 50, -1</td>
<td></td>
<td>0</td>
<td>com.netease.comment.QueryNewComment@e580929</td></tr>
<tr>
<td title='com.netease.comment.QueryNewComment.queryHotComment()'><b>queryHotComment</b><br>Test class: com.netease.comment.QueryNewComment<br>Parameters: A014A5A11001768D, eecc698764a1403d846bef6f9a01d90d, 200, 0, 10, 100, 50, 10</td>
<td></td>
<td>0</td>
<td>com.netease.comment.QueryNewComment@e580929</td></tr>
<tr>
<td title='com.netease.comment.QueryNewComment.queryHotComment()'><b>queryHotComment</b><br>Test class: com.netease.comment.QueryNewComment<br>Parameters: A014A5A11001768D, eecc698764a1403d846bef6f9a01d90d, 422, 10, 101, 100, 50, 10</td>
<td></td>
<td>0</td>
<td>com.netease.comment.QueryNewComment@e580929</td></tr>
<tr>
<td title='com.netease.comment.QueryNewComment.queryHotComment()'><b>queryHotComment</b><br>Test class: com.netease.comment.QueryNewComment<br>Parameters: A014A5A11001768D, eecc698764a1403d846bef6f9a01d90d, 422, 0, 100, 101, 50, 10</td>
<td></td>
<td>0</td>
<td>com.netease.comment.QueryNewComment@e580929</td></tr>
<tr>
<td title='com.netease.comment.QueryNewComment.queryHotComment()'><b>queryHotComment</b><br>Test class: com.netease.comment.QueryNewComment<br>Parameters: A014A5A11001768D, eecc698764a1403d846bef6f9a01d90d, 422, 0, 10, 100, 101, 10</td>
<td></td>
<td>0</td>
<td>com.netease.comment.QueryNewComment@e580929</td></tr>
<tr>
<td title='com.netease.comment.QueryNewComment.queryHotComment()'><b>queryHotComment</b><br>Test class: com.netease.comment.QueryNewComment<br>Parameters: A014A5A11001768D, eecc698764a1403d846bef6f9a01d90d, 422, 0, 10, 100, 10, 101</td>
<td></td>
<td>0</td>
<td>com.netease.comment.QueryNewComment@e580929</td></tr>
<tr>
<td title='com.netease.comment.QueryNewComment.queryHotComment()'><b>queryHotComment</b><br>Test class: com.netease.comment.QueryNewComment<br>Parameters: A014A5A11001768D, eecc698764a1403d846bef6f9a01d90d, 422, 0, 10, 100, 50, 101</td>
<td></td>
<td>0</td>
<td>com.netease.comment.QueryNewComment@e580929</td></tr>
<tr>
<td title='com.netease.comment.QueryNewComment.queryHotComment()'><b>queryHotComment</b><br>Test class: com.netease.comment.QueryNewComment<br>Parameters: A014A5A11001768D, eecc698764a1403d846bef6f9a01d90d, 200, 0, 10, 100, 100, 10</td>
<td></td>
<td>0</td>
<td>com.netease.comment.QueryNewComment@e580929</td></tr>
<tr>
<td title='com.netease.comment.QueryHotComment.queryHotComment()'><b>queryHotComment</b><br>Test class: com.netease.comment.QueryHotComment<br>Parameters: A014A5A11001768D, eecc698764a1403d846bef6f9a01d90d, 200, 0, 10, 100, 50, 10</td>
<td></td>
<td>0</td>
<td>com.netease.comment.QueryHotComment@6b71769e</td></tr>
<tr>
<td title='com.netease.comment.QueryHotComment.queryHotComment()'><b>queryHotComment</b><br>Test class: com.netease.comment.QueryHotComment<br>Parameters: A014A5A11001768D, eecc698764a1403d846bef6f9a01d90d, 200, 0, 9, 90, 45, 18</td>
<td></td>
<td>0</td>
<td>com.netease.comment.QueryHotComment@6b71769e</td></tr>
<tr>
<td title='com.netease.comment.QueryHotComment.queryHotComment()'><b>queryHotComment</b><br>Test class: com.netease.comment.QueryHotComment<br>Parameters: A014A5A11001768D, eecc698764a1403d846bef6f9a01d90d, 200, 0, 8, 80, 35, 17</td>
<td></td>
<td>0</td>
<td>com.netease.comment.QueryHotComment@6b71769e</td></tr>
<tr>
<td title='com.netease.comment.QueryHotComment.queryHotComment()'><b>queryHotComment</b><br>Test class: com.netease.comment.QueryHotComment<br>Parameters: A014A5A11001768D, eecc698764a1403d846bef6f9a01d90d, 200, 0, 7, 70, 25, 16</td>
<td></td>
<td>0</td>
<td>com.netease.comment.QueryHotComment@6b71769e</td></tr>
<tr>
<td title='com.netease.comment.QueryHotComment.queryHotComment()'><b>queryHotComment</b><br>Test class: com.netease.comment.QueryHotComment<br>Parameters: A014A5A11001768D, eecc698764a1403d846bef6f9a01d90d, 200, 0, 6, 60, 15, 15</td>
<td></td>
<td>0</td>
<td>com.netease.comment.QueryHotComment@6b71769e</td></tr>
<tr>
<td title='com.netease.comment.QueryHotComment.queryHotComment()'><b>queryHotComment</b><br>Test class: com.netease.comment.QueryHotComment<br>Parameters: A014A5A11001768D, eecc698764a1403d846bef6f9a01d90d, 200, 0, 5, 50, 16, 14</td>
<td></td>
<td>0</td>
<td>com.netease.comment.QueryHotComment@6b71769e</td></tr>
<tr>
<td title='com.netease.comment.QueryHotComment.queryHotComment()'><b>queryHotComment</b><br>Test class: com.netease.comment.QueryHotComment<br>Parameters: A014A5A11001768D, eecc698764a1403d846bef6f9a01d90d, 200, 0, 4, 40, 17, 13</td>
<td></td>
<td>0</td>
<td>com.netease.comment.QueryHotComment@6b71769e</td></tr>
<tr>
<td title='com.netease.comment.QueryHotComment.queryHotComment()'><b>queryHotComment</b><br>Test class: com.netease.comment.QueryHotComment<br>Parameters: A014A5A11001768D, eecc698764a1403d846bef6f9a01d90d, 200, 0, 3, 30, 18, 12</td>
<td></td>
<td>0</td>
<td>com.netease.comment.QueryHotComment@6b71769e</td></tr>
<tr>
<td title='com.netease.comment.QueryHotComment.queryHotComment()'><b>queryHotComment</b><br>Test class: com.netease.comment.QueryHotComment<br>Parameters: A014A5A11001768D, eecc698764a1403d846bef6f9a01d90d, 200, 0, 2, 20, 10, 11</td>
<td></td>
<td>0</td>
<td>com.netease.comment.QueryHotComment@6b71769e</td></tr>
<tr>
<td title='com.netease.comment.QueryHotComment.queryHotComment()'><b>queryHotComment</b><br>Test class: com.netease.comment.QueryHotComment<br>Parameters: A014A5A11001768D, eecc698764a1403d846bef6f9a01d90d, 200, 0, 1, 10, 5, 6</td>
<td></td>
<td>0</td>
<td>com.netease.comment.QueryHotComment@6b71769e</td></tr>
<tr>
<td title='com.netease.comment.QueryHotComment.queryHotComment()'><b>queryHotComment</b><br>Test class: com.netease.comment.QueryHotComment<br>Parameters: , eecc698764a1403d846bef6f9a01d90d, 404, 0, 10, 100, 50, 10</td>
<td></td>
<td>0</td>
<td>com.netease.comment.QueryHotComment@6b71769e</td></tr>
<tr>
<td title='com.netease.comment.QueryHotComment.queryHotComment()'><b>queryHotComment</b><br>Test class: com.netease.comment.QueryHotComment<br>Parameters: A024A5A110, eecc698764a1403d846bef6f9a01d90d, 404, 0, 10, 100, 50, 10</td>
<td></td>
<td>0</td>
<td>com.netease.comment.QueryHotComment@6b71769e</td></tr>
<tr>
<td title='com.netease.comment.QueryHotComment.queryHotComment()'><b>queryHotComment</b><br>Test class: com.netease.comment.QueryHotComment<br>Parameters: A014A5A11001768D, wrongproduct, 404, 0, 10, 100, 50, 10</td>
<td></td>
<td>0</td>
<td>com.netease.comment.QueryHotComment@6b71769e</td></tr>
<tr>
<td title='com.netease.comment.QueryHotComment.queryHotComment()'><b>queryHotComment</b><br>Test class: com.netease.comment.QueryHotComment<br>Parameters: A014A5A11001768D, , 404, 0, 10, 100, 50, 10</td>
<td></td>
<td>0</td>
<td>com.netease.comment.QueryHotComment@6b71769e</td></tr>
<tr>
<td title='com.netease.comment.QueryHotComment.queryHotComment()'><b>queryHotComment</b><br>Test class: com.netease.comment.QueryHotComment<br>Parameters: A014A5A11001768D, eecc698764a1403d846bef6f9a01d90d/aaa, 404, 0, 10, 100, 50, 10</td>
<td></td>
<td>0</td>
<td>com.netease.comment.QueryHotComment@6b71769e</td></tr>
<tr>
<td title='com.netease.comment.QueryHotComment.queryHotComment()'><b>queryHotComment</b><br>Test class: com.netease.comment.QueryHotComment<br>Parameters: A014A5A11001768D, eecc698764a1403d846bef6f9a01d90d, 422, -1, 10, 100, 50, 10</td>
<td></td>
<td>0</td>
<td>com.netease.comment.QueryHotComment@6b71769e</td></tr>
<tr>
<td title='com.netease.comment.QueryHotComment.queryHotComment()'><b>queryHotComment</b><br>Test class: com.netease.comment.QueryHotComment<br>Parameters: A014A5A11001768D, eecc698764a1403d846bef6f9a01d90d, 422, 0, -1, 100, 50, 10</td>
<td></td>
<td>0</td>
<td>com.netease.comment.QueryHotComment@6b71769e</td></tr>
<tr>
<td title='com.netease.comment.QueryHotComment.queryHotComment()'><b>queryHotComment</b><br>Test class: com.netease.comment.QueryHotComment<br>Parameters: A014A5A11001768D, eecc698764a1403d846bef6f9a01d90d, 422, 0, 10, -1, 50, 10</td>
<td></td>
<td>0</td>
<td>com.netease.comment.QueryHotComment@6b71769e</td></tr>
<tr>
<td title='com.netease.comment.QueryHotComment.queryHotComment()'><b>queryHotComment</b><br>Test class: com.netease.comment.QueryHotComment<br>Parameters: A014A5A11001768D, eecc698764a1403d846bef6f9a01d90d, 422, 0, 10, 100, -1, 10</td>
<td></td>
<td>0</td>
<td>com.netease.comment.QueryHotComment@6b71769e</td></tr>
<tr>
<td title='com.netease.comment.QueryHotComment.queryHotComment()'><b>queryHotComment</b><br>Test class: com.netease.comment.QueryHotComment<br>Parameters: A014A5A11001768D, eecc698764a1403d846bef6f9a01d90d, 422, 0, 10, 100, 50, -1</td>
<td></td>
<td>0</td>
<td>com.netease.comment.QueryHotComment@6b71769e</td></tr>
<tr>
<td title='com.netease.comment.QueryHotComment.queryHotComment()'><b>queryHotComment</b><br>Test class: com.netease.comment.QueryHotComment<br>Parameters: A014A5A11001768D, eecc698764a1403d846bef6f9a01d90d, 200, 0, 10, 100, 50, 10</td>
<td></td>
<td>0</td>
<td>com.netease.comment.QueryHotComment@6b71769e</td></tr>
<tr>
<td title='com.netease.comment.QueryHotComment.queryHotComment()'><b>queryHotComment</b><br>Test class: com.netease.comment.QueryHotComment<br>Parameters: A014A5A11001768D, eecc698764a1403d846bef6f9a01d90d, 422, 10, 101, 100, 50, 10</td>
<td></td>
<td>0</td>
<td>com.netease.comment.QueryHotComment@6b71769e</td></tr>
<tr>
<td title='com.netease.comment.QueryHotComment.queryHotComment()'><b>queryHotComment</b><br>Test class: com.netease.comment.QueryHotComment<br>Parameters: A014A5A11001768D, eecc698764a1403d846bef6f9a01d90d, 422, 0, 100, 101, 50, 10</td>
<td></td>
<td>0</td>
<td>com.netease.comment.QueryHotComment@6b71769e</td></tr>
<tr>
<td title='com.netease.comment.QueryHotComment.queryHotComment()'><b>queryHotComment</b><br>Test class: com.netease.comment.QueryHotComment<br>Parameters: A014A5A11001768D, eecc698764a1403d846bef6f9a01d90d, 422, 0, 10, 100, 101, 10</td>
<td></td>
<td>0</td>
<td>com.netease.comment.QueryHotComment@6b71769e</td></tr>
<tr>
<td title='com.netease.comment.QueryHotComment.queryHotComment()'><b>queryHotComment</b><br>Test class: com.netease.comment.QueryHotComment<br>Parameters: A014A5A11001768D, eecc698764a1403d846bef6f9a01d90d, 422, 0, 10, 100, 10, 101</td>
<td></td>
<td>0</td>
<td>com.netease.comment.QueryHotComment@6b71769e</td></tr>
<tr>
<td title='com.netease.comment.QueryHotComment.queryHotComment()'><b>queryHotComment</b><br>Test class: com.netease.comment.QueryHotComment<br>Parameters: A014A5A11001768D, eecc698764a1403d846bef6f9a01d90d, 422, 0, 10, 100, 50, 101</td>
<td></td>
<td>0</td>
<td>com.netease.comment.QueryHotComment@6b71769e</td></tr>
<tr>
<td title='com.netease.comment.QueryHotComment.queryHotComment()'><b>queryHotComment</b><br>Test class: com.netease.comment.QueryHotComment<br>Parameters: A014A5A11001768D, eecc698764a1403d846bef6f9a01d90d, 200, 0, 10, 100, 100, 10</td>
<td></td>
<td>0</td>
<td>com.netease.comment.QueryHotComment@6b71769e</td></tr>
<tr>
<td title='com.netease.comment.QueryMyComment.queryMyComment()'><b>queryMyComment</b><br>Test class: com.netease.comment.QueryMyComment<br>Parameters: 46556, eecc698764a1403d846bef6f9a01d90d, 200, 0, 10, 100, 50, 10</td>
<td></td>
<td>0</td>
<td>com.netease.comment.QueryMyComment@1b0375b3</td></tr>
<tr>
<td title='com.netease.comment.QueryMyComment.queryMyComment()'><b>queryMyComment</b><br>Test class: com.netease.comment.QueryMyComment<br>Parameters: 46556, eecc698764a1403d846bef6f9a01d90d, 200, 0, 9, 90, 45, 18</td>
<td></td>
<td>0</td>
<td>com.netease.comment.QueryMyComment@1b0375b3</td></tr>
<tr>
<td title='com.netease.comment.QueryMyComment.queryMyComment()'><b>queryMyComment</b><br>Test class: com.netease.comment.QueryMyComment<br>Parameters: 46556, eecc698764a1403d846bef6f9a01d90d, 200, 0, 8, 80, 35, 17</td>
<td></td>
<td>0</td>
<td>com.netease.comment.QueryMyComment@1b0375b3</td></tr>
<tr>
<td title='com.netease.comment.QueryMyComment.queryMyComment()'><b>queryMyComment</b><br>Test class: com.netease.comment.QueryMyComment<br>Parameters: 46556, eecc698764a1403d846bef6f9a01d90d, 200, 0, 7, 70, 25, 16</td>
<td></td>
<td>0</td>
<td>com.netease.comment.QueryMyComment@1b0375b3</td></tr>
<tr>
<td title='com.netease.comment.QueryMyComment.queryMyComment()'><b>queryMyComment</b><br>Test class: com.netease.comment.QueryMyComment<br>Parameters: 46556, eecc698764a1403d846bef6f9a01d90d, 200, 0, 6, 60, 15, 15</td>
<td></td>
<td>0</td>
<td>com.netease.comment.QueryMyComment@1b0375b3</td></tr>
<tr>
<td title='com.netease.comment.QueryMyComment.queryMyComment()'><b>queryMyComment</b><br>Test class: com.netease.comment.QueryMyComment<br>Parameters: 46556, eecc698764a1403d846bef6f9a01d90d, 200, 0, 5, 50, 16, 14</td>
<td></td>
<td>0</td>
<td>com.netease.comment.QueryMyComment@1b0375b3</td></tr>
<tr>
<td title='com.netease.comment.QueryMyComment.queryMyComment()'><b>queryMyComment</b><br>Test class: com.netease.comment.QueryMyComment<br>Parameters: 46556, eecc698764a1403d846bef6f9a01d90d, 200, 0, 4, 40, 17, 13</td>
<td></td>
<td>0</td>
<td>com.netease.comment.QueryMyComment@1b0375b3</td></tr>
<tr>
<td title='com.netease.comment.QueryMyComment.queryMyComment()'><b>queryMyComment</b><br>Test class: com.netease.comment.QueryMyComment<br>Parameters: 46556, eecc698764a1403d846bef6f9a01d90d, 200, 0, 3, 30, 18, 12</td>
<td></td>
<td>0</td>
<td>com.netease.comment.QueryMyComment@1b0375b3</td></tr>
<tr>
<td title='com.netease.comment.QueryMyComment.queryMyComment()'><b>queryMyComment</b><br>Test class: com.netease.comment.QueryMyComment<br>Parameters: 46556, eecc698764a1403d846bef6f9a01d90d, 200, 0, 2, 20, 10, 11</td>
<td></td>
<td>0</td>
<td>com.netease.comment.QueryMyComment@1b0375b3</td></tr>
<tr>
<td title='com.netease.comment.QueryMyComment.queryMyComment()'><b>queryMyComment</b><br>Test class: com.netease.comment.QueryMyComment<br>Parameters: 46556, eecc698764a1403d846bef6f9a01d90d, 200, 0, 1, 10, 5, 6</td>
<td></td>
<td>0</td>
<td>com.netease.comment.QueryMyComment@1b0375b3</td></tr>
<tr>
<td title='com.netease.comment.QueryMyComment.queryMyComment()'><b>queryMyComment</b><br>Test class: com.netease.comment.QueryMyComment<br>Parameters: , eecc698764a1403d846bef6f9a01d90d, 404, 0, 10, 100, 50, 10</td>
<td></td>
<td>0</td>
<td>com.netease.comment.QueryMyComment@1b0375b3</td></tr>
<tr>
<td title='com.netease.comment.QueryMyComment.queryMyComment()'><b>queryMyComment</b><br>Test class: com.netease.comment.QueryMyComment<br>Parameters: 12345, eecc698764a1403d846bef6f9a01d90d, 404, 0, 10, 100, 50, 10</td>
<td></td>
<td>0</td>
<td>com.netease.comment.QueryMyComment@1b0375b3</td></tr>
<tr>
<td title='com.netease.comment.QueryMyComment.queryMyComment()'><b>queryMyComment</b><br>Test class: com.netease.comment.QueryMyComment<br>Parameters: 46556, wrongproduct, 404, 0, 10, 100, 50, 10</td>
<td></td>
<td>0</td>
<td>com.netease.comment.QueryMyComment@1b0375b3</td></tr>
<tr>
<td title='com.netease.comment.QueryMyComment.queryMyComment()'><b>queryMyComment</b><br>Test class: com.netease.comment.QueryMyComment<br>Parameters: 46556, , 404, 0, 10, 100, 50, 10</td>
<td></td>
<td>0</td>
<td>com.netease.comment.QueryMyComment@1b0375b3</td></tr>
<tr>
<td title='com.netease.comment.QueryMyComment.queryMyComment()'><b>queryMyComment</b><br>Test class: com.netease.comment.QueryMyComment<br>Parameters: 46556, eecc698764a1403d846bef6f9a01d90d/aaa, 404, 0, 10, 100, 50, 10</td>
<td></td>
<td>0</td>
<td>com.netease.comment.QueryMyComment@1b0375b3</td></tr>
<tr>
<td title='com.netease.comment.QueryMyComment.queryMyComment()'><b>queryMyComment</b><br>Test class: com.netease.comment.QueryMyComment<br>Parameters: 46556, eecc698764a1403d846bef6f9a01d90d, 422, -1, 10, 100, 50, 10</td>
<td></td>
<td>0</td>
<td>com.netease.comment.QueryMyComment@1b0375b3</td></tr>
<tr>
<td title='com.netease.comment.QueryMyComment.queryMyComment()'><b>queryMyComment</b><br>Test class: com.netease.comment.QueryMyComment<br>Parameters: 46556, eecc698764a1403d846bef6f9a01d90d, 422, 0, -1, 100, 50, 10</td>
<td></td>
<td>0</td>
<td>com.netease.comment.QueryMyComment@1b0375b3</td></tr>
<tr>
<td title='com.netease.comment.QueryMyComment.queryMyComment()'><b>queryMyComment</b><br>Test class: com.netease.comment.QueryMyComment<br>Parameters: 46556, eecc698764a1403d846bef6f9a01d90d, 422, 0, 10, -1, 50, 10</td>
<td></td>
<td>0</td>
<td>com.netease.comment.QueryMyComment@1b0375b3</td></tr>
<tr>
<td title='com.netease.comment.QueryMyComment.queryMyComment()'><b>queryMyComment</b><br>Test class: com.netease.comment.QueryMyComment<br>Parameters: 46556, eecc698764a1403d846bef6f9a01d90d, 422, 0, 10, 100, -1, 10</td>
<td></td>
<td>0</td>
<td>com.netease.comment.QueryMyComment@1b0375b3</td></tr>
<tr>
<td title='com.netease.comment.QueryMyComment.queryMyComment()'><b>queryMyComment</b><br>Test class: com.netease.comment.QueryMyComment<br>Parameters: 46556, eecc698764a1403d846bef6f9a01d90d, 422, 0, 10, 100, 50, -1</td>
<td></td>
<td>0</td>
<td>com.netease.comment.QueryMyComment@1b0375b3</td></tr>
<tr>
<td title='com.netease.comment.QueryMyComment.queryMyComment()'><b>queryMyComment</b><br>Test class: com.netease.comment.QueryMyComment<br>Parameters: 46556, eecc698764a1403d846bef6f9a01d90d, 200, 0, 10, 100, 50, 10</td>
<td></td>
<td>0</td>
<td>com.netease.comment.QueryMyComment@1b0375b3</td></tr>
<tr>
<td title='com.netease.comment.QueryMyComment.queryMyComment()'><b>queryMyComment</b><br>Test class: com.netease.comment.QueryMyComment<br>Parameters: 46556, eecc698764a1403d846bef6f9a01d90d, 422, 10, 101, 100, 50, 10</td>
<td></td>
<td>0</td>
<td>com.netease.comment.QueryMyComment@1b0375b3</td></tr>
<tr>
<td title='com.netease.comment.QueryMyComment.queryMyComment()'><b>queryMyComment</b><br>Test class: com.netease.comment.QueryMyComment<br>Parameters: 46556, eecc698764a1403d846bef6f9a01d90d, 422, 0, 100, 101, 50, 10</td>
<td></td>
<td>0</td>
<td>com.netease.comment.QueryMyComment@1b0375b3</td></tr>
<tr>
<td title='com.netease.comment.QueryMyComment.queryMyComment()'><b>queryMyComment</b><br>Test class: com.netease.comment.QueryMyComment<br>Parameters: 46556, eecc698764a1403d846bef6f9a01d90d, 422, 0, 10, 100, 101, 10</td>
<td></td>
<td>0</td>
<td>com.netease.comment.QueryMyComment@1b0375b3</td></tr>
<tr>
<td title='com.netease.comment.QueryMyComment.queryMyComment()'><b>queryMyComment</b><br>Test class: com.netease.comment.QueryMyComment<br>Parameters: 46556, eecc698764a1403d846bef6f9a01d90d, 422, 0, 10, 100, 10, 101</td>
<td></td>
<td>0</td>
<td>com.netease.comment.QueryMyComment@1b0375b3</td></tr>
<tr>
<td title='com.netease.comment.QueryMyComment.queryMyComment()'><b>queryMyComment</b><br>Test class: com.netease.comment.QueryMyComment<br>Parameters: 46556, eecc698764a1403d846bef6f9a01d90d, 422, 0, 10, 100, 50, 101</td>
<td></td>
<td>0</td>
<td>com.netease.comment.QueryMyComment@1b0375b3</td></tr>
<tr>
<td title='com.netease.comment.QueryMyComment.queryMyComment()'><b>queryMyComment</b><br>Test class: com.netease.comment.QueryMyComment<br>Parameters: 46556, eecc698764a1403d846bef6f9a01d90d, 200, 0, 10, 100, 100, 10</td>
<td></td>
<td>0</td>
<td>com.netease.comment.QueryMyComment@1b0375b3</td></tr>
<tr>
<td title='com.netease.thread.QueryThread.queryThread()'><b>queryThread</b><br>Test class: com.netease.thread.QueryThread<br>Parameters: 11, wrongproduct, 404</td>
<td></td>
<td>0</td>
<td>com.netease.thread.QueryThread@6bdf28bb</td></tr>
<tr>
<td title='com.netease.thread.QueryThread.queryThread()'><b>queryThread</b><br>Test class: com.netease.thread.QueryThread<br>Parameters: , eecc698764a1403d846bef6f9a01d90d, 404</td>
<td></td>
<td>0</td>
<td>com.netease.thread.QueryThread@6bdf28bb</td></tr>
<tr>
<td title='com.netease.thread.QueryThread.queryThread()'><b>queryThread</b><br>Test class: com.netease.thread.QueryThread<br>Parameters: A014A5A11001768, eecc698764a1403d846bef6f9a01d90d, 404</td>
<td></td>
<td>0</td>
<td>com.netease.thread.QueryThread@6bdf28bb</td></tr>
<tr>
<td title='com.netease.thread.QueryThread.queryThread()'><b>queryThread</b><br>Test class: com.netease.thread.QueryThread<br>Parameters: A014A5A11001768, , 404</td>
<td></td>
<td>0</td>
<td>com.netease.thread.QueryThread@6bdf28bb</td></tr>
<tr>
<td title='com.netease.user.QueryUser.queryUser()'><b>queryUser</b><br>Test class: com.netease.user.QueryUser<br>Parameters: 197, eecc698764a1403d846bef6f9a01d90d, 46554, 200</td>
<td></td>
<td>0</td>
<td>com.netease.user.QueryUser@129a8472</td></tr>
<tr>
<td title='com.netease.user.QueryUser.queryUser()'><b>queryUser</b><br>Test class: com.netease.user.QueryUser<br>Parameters: 197, eecc698764a1403d846bef6f9a01d90d, 4655, 404</td>
<td></td>
<td>0</td>
<td>com.netease.user.QueryUser@129a8472</td></tr>
<tr>
<td title='com.netease.user.QueryUser.queryUser()'><b>queryUser</b><br>Test class: com.netease.user.QueryUser<br>Parameters: 197, eecc698764a1403d846bef6f9a01d90d, , 404</td>
<td></td>
<td>0</td>
<td>com.netease.user.QueryUser@129a8472</td></tr>
<tr>
<td title='com.netease.user.QueryUser.queryUser()'><b>queryUser</b><br>Test class: com.netease.user.QueryUser<br>Parameters: 197, wrongproductkey, 46554, 404</td>
<td></td>
<td>0</td>
<td>com.netease.user.QueryUser@129a8472</td></tr>
<tr>
<td title='com.netease.user.QueryUser.queryUser()'><b>queryUser</b><br>Test class: com.netease.user.QueryUser<br>Parameters: 197, , , 404</td>
<td></td>
<td>0</td>
<td>com.netease.user.QueryUser@129a8472</td></tr>
<tr>
<td title='com.netease.comment.QueryUserComment.queryUserComment()'><b>queryUserComment</b><br>Test class: com.netease.comment.QueryUserComment<br>Parameters: 46556, eecc698764a1403d846bef6f9a01d90d, 200, 0, 10, 100, 50, 10</td>
<td></td>
<td>0</td>
<td>com.netease.comment.QueryUserComment@2f7c7260</td></tr>
<tr>
<td title='com.netease.comment.QueryUserComment.queryUserComment()'><b>queryUserComment</b><br>Test class: com.netease.comment.QueryUserComment<br>Parameters: 46556, eecc698764a1403d846bef6f9a01d90d, 200, 0, 9, 90, 45, 18</td>
<td></td>
<td>0</td>
<td>com.netease.comment.QueryUserComment@2f7c7260</td></tr>
<tr>
<td title='com.netease.comment.QueryUserComment.queryUserComment()'><b>queryUserComment</b><br>Test class: com.netease.comment.QueryUserComment<br>Parameters: 46556, eecc698764a1403d846bef6f9a01d90d, 200, 0, 8, 80, 35, 17</td>
<td></td>
<td>0</td>
<td>com.netease.comment.QueryUserComment@2f7c7260</td></tr>
<tr>
<td title='com.netease.comment.QueryUserComment.queryUserComment()'><b>queryUserComment</b><br>Test class: com.netease.comment.QueryUserComment<br>Parameters: 46556, eecc698764a1403d846bef6f9a01d90d, 200, 0, 7, 70, 25, 16</td>
<td></td>
<td>0</td>
<td>com.netease.comment.QueryUserComment@2f7c7260</td></tr>
<tr>
<td title='com.netease.comment.QueryUserComment.queryUserComment()'><b>queryUserComment</b><br>Test class: com.netease.comment.QueryUserComment<br>Parameters: 46556, eecc698764a1403d846bef6f9a01d90d, 200, 0, 6, 60, 15, 15</td>
<td></td>
<td>0</td>
<td>com.netease.comment.QueryUserComment@2f7c7260</td></tr>
<tr>
<td title='com.netease.comment.QueryUserComment.queryUserComment()'><b>queryUserComment</b><br>Test class: com.netease.comment.QueryUserComment<br>Parameters: 46556, eecc698764a1403d846bef6f9a01d90d, 200, 0, 5, 50, 16, 14</td>
<td></td>
<td>0</td>
<td>com.netease.comment.QueryUserComment@2f7c7260</td></tr>
<tr>
<td title='com.netease.comment.QueryUserComment.queryUserComment()'><b>queryUserComment</b><br>Test class: com.netease.comment.QueryUserComment<br>Parameters: 46556, eecc698764a1403d846bef6f9a01d90d, 200, 0, 4, 40, 17, 13</td>
<td></td>
<td>0</td>
<td>com.netease.comment.QueryUserComment@2f7c7260</td></tr>
<tr>
<td title='com.netease.comment.QueryUserComment.queryUserComment()'><b>queryUserComment</b><br>Test class: com.netease.comment.QueryUserComment<br>Parameters: 46556, eecc698764a1403d846bef6f9a01d90d, 200, 0, 3, 30, 18, 12</td>
<td></td>
<td>0</td>
<td>com.netease.comment.QueryUserComment@2f7c7260</td></tr>
<tr>
<td title='com.netease.comment.QueryUserComment.queryUserComment()'><b>queryUserComment</b><br>Test class: com.netease.comment.QueryUserComment<br>Parameters: 46556, eecc698764a1403d846bef6f9a01d90d, 200, 0, 2, 20, 10, 11</td>
<td></td>
<td>0</td>
<td>com.netease.comment.QueryUserComment@2f7c7260</td></tr>
<tr>
<td title='com.netease.comment.QueryUserComment.queryUserComment()'><b>queryUserComment</b><br>Test class: com.netease.comment.QueryUserComment<br>Parameters: 46556, eecc698764a1403d846bef6f9a01d90d, 200, 0, 1, 10, 5, 6</td>
<td></td>
<td>0</td>
<td>com.netease.comment.QueryUserComment@2f7c7260</td></tr>
<tr>
<td title='com.netease.comment.QueryUserComment.queryUserComment()'><b>queryUserComment</b><br>Test class: com.netease.comment.QueryUserComment<br>Parameters: , eecc698764a1403d846bef6f9a01d90d, 404, 0, 10, 100, 50, 10</td>
<td></td>
<td>0</td>
<td>com.netease.comment.QueryUserComment@2f7c7260</td></tr>
<tr>
<td title='com.netease.comment.QueryUserComment.queryUserComment()'><b>queryUserComment</b><br>Test class: com.netease.comment.QueryUserComment<br>Parameters: 1, eecc698764a1403d846bef6f9a01d90d, 404, 0, 10, 100, 50, 10</td>
<td></td>
<td>0</td>
<td>com.netease.comment.QueryUserComment@2f7c7260</td></tr>
<tr>
<td title='com.netease.comment.QueryUserComment.queryUserComment()'><b>queryUserComment</b><br>Test class: com.netease.comment.QueryUserComment<br>Parameters: 46556, wrongproduct, 404, 0, 10, 100, 50, 10</td>
<td></td>
<td>0</td>
<td>com.netease.comment.QueryUserComment@2f7c7260</td></tr>
<tr>
<td title='com.netease.comment.QueryUserComment.queryUserComment()'><b>queryUserComment</b><br>Test class: com.netease.comment.QueryUserComment<br>Parameters: 46556, , 404, 0, 10, 100, 50, 10</td>
<td></td>
<td>0</td>
<td>com.netease.comment.QueryUserComment@2f7c7260</td></tr>
<tr>
<td title='com.netease.comment.QueryUserComment.queryUserComment()'><b>queryUserComment</b><br>Test class: com.netease.comment.QueryUserComment<br>Parameters: 46556, eecc698764a1403d846bef6f9a01d90d/aaa, 404, 0, 10, 100, 50, 10</td>
<td></td>
<td>0</td>
<td>com.netease.comment.QueryUserComment@2f7c7260</td></tr>
<tr>
<td title='com.netease.comment.QueryUserComment.queryUserComment()'><b>queryUserComment</b><br>Test class: com.netease.comment.QueryUserComment<br>Parameters: 46556, eecc698764a1403d846bef6f9a01d90d, 422, -1, 10, 100, 50, 10</td>
<td></td>
<td>0</td>
<td>com.netease.comment.QueryUserComment@2f7c7260</td></tr>
<tr>
<td title='com.netease.comment.QueryUserComment.queryUserComment()'><b>queryUserComment</b><br>Test class: com.netease.comment.QueryUserComment<br>Parameters: 46556, eecc698764a1403d846bef6f9a01d90d, 422, 0, -1, 100, 50, 10</td>
<td></td>
<td>0</td>
<td>com.netease.comment.QueryUserComment@2f7c7260</td></tr>
<tr>
<td title='com.netease.comment.QueryUserComment.queryUserComment()'><b>queryUserComment</b><br>Test class: com.netease.comment.QueryUserComment<br>Parameters: 46556, eecc698764a1403d846bef6f9a01d90d, 422, 0, 10, -1, 50, 10</td>
<td></td>
<td>0</td>
<td>com.netease.comment.QueryUserComment@2f7c7260</td></tr>
<tr>
<td title='com.netease.comment.QueryUserComment.queryUserComment()'><b>queryUserComment</b><br>Test class: com.netease.comment.QueryUserComment<br>Parameters: 46556, eecc698764a1403d846bef6f9a01d90d, 422, 0, 10, 100, -1, 10</td>
<td></td>
<td>0</td>
<td>com.netease.comment.QueryUserComment@2f7c7260</td></tr>
<tr>
<td title='com.netease.comment.QueryUserComment.queryUserComment()'><b>queryUserComment</b><br>Test class: com.netease.comment.QueryUserComment<br>Parameters: 46556, eecc698764a1403d846bef6f9a01d90d, 422, 0, 10, 100, 50, -1</td>
<td></td>
<td>0</td>
<td>com.netease.comment.QueryUserComment@2f7c7260</td></tr>
<tr>
<td title='com.netease.comment.QueryUserComment.queryUserComment()'><b>queryUserComment</b><br>Test class: com.netease.comment.QueryUserComment<br>Parameters: 46556, eecc698764a1403d846bef6f9a01d90d, 200, 0, 10, 100, 50, 10</td>
<td></td>
<td>0</td>
<td>com.netease.comment.QueryUserComment@2f7c7260</td></tr>
<tr>
<td title='com.netease.comment.QueryUserComment.queryUserComment()'><b>queryUserComment</b><br>Test class: com.netease.comment.QueryUserComment<br>Parameters: 46556, eecc698764a1403d846bef6f9a01d90d, 422, 10, 101, 100, 50, 10</td>
<td></td>
<td>0</td>
<td>com.netease.comment.QueryUserComment@2f7c7260</td></tr>
<tr>
<td title='com.netease.comment.QueryUserComment.queryUserComment()'><b>queryUserComment</b><br>Test class: com.netease.comment.QueryUserComment<br>Parameters: 46556, eecc698764a1403d846bef6f9a01d90d, 422, 0, 100, 101, 50, 10</td>
<td></td>
<td>0</td>
<td>com.netease.comment.QueryUserComment@2f7c7260</td></tr>
<tr>
<td title='com.netease.comment.QueryUserComment.queryUserComment()'><b>queryUserComment</b><br>Test class: com.netease.comment.QueryUserComment<br>Parameters: 46556, eecc698764a1403d846bef6f9a01d90d, 422, 0, 10, 100, 101, 10</td>
<td></td>
<td>0</td>
<td>com.netease.comment.QueryUserComment@2f7c7260</td></tr>
<tr>
<td title='com.netease.comment.QueryUserComment.queryUserComment()'><b>queryUserComment</b><br>Test class: com.netease.comment.QueryUserComment<br>Parameters: 46556, eecc698764a1403d846bef6f9a01d90d, 422, 0, 10, 100, 10, 101</td>
<td></td>
<td>0</td>
<td>com.netease.comment.QueryUserComment@2f7c7260</td></tr>
<tr>
<td title='com.netease.comment.QueryUserComment.queryUserComment()'><b>queryUserComment</b><br>Test class: com.netease.comment.QueryUserComment<br>Parameters: 46556, eecc698764a1403d846bef6f9a01d90d, 422, 0, 10, 100, 50, 101</td>
<td></td>
<td>0</td>
<td>com.netease.comment.QueryUserComment@2f7c7260</td></tr>
<tr>
<td title='com.netease.comment.QueryUserComment.queryUserComment()'><b>queryUserComment</b><br>Test class: com.netease.comment.QueryUserComment<br>Parameters: 46556, eecc698764a1403d846bef6f9a01d90d, 200, 0, 10, 100, 100, 10</td>
<td></td>
<td>0</td>
<td>com.netease.comment.QueryUserComment@2f7c7260</td></tr>
<tr>
<td title='com.netease.comment.VoteComment.voteComment()'><b>voteComment</b><br>Test class: com.netease.comment.VoteComment<br>Parameters: asdfg, eecc698764a1403d846bef6f9a01d90d, 11, 404</td>
<td></td>
<td>0</td>
<td>com.netease.comment.VoteComment@2752f6e2</td></tr>
<tr>
<td title='com.netease.comment.VoteComment.voteComment()'><b>voteComment</b><br>Test class: com.netease.comment.VoteComment<br>Parameters: A014A5A11001768D, eecc698764a1403d846bef6f9a01d90d, 100, 404</td>
<td></td>
<td>0</td>
<td>com.netease.comment.VoteComment@2752f6e2</td></tr>
<tr>
<td title='com.netease.comment.VoteComment.voteComment()'><b>voteComment</b><br>Test class: com.netease.comment.VoteComment<br>Parameters: A014A5A11001768D, wrongproduct, 397, 404</td>
<td></td>
<td>0</td>
<td>com.netease.comment.VoteComment@2752f6e2</td></tr>
<tr>
<td title='com.netease.comment.VoteComment.voteComment()'><b>voteComment</b><br>Test class: com.netease.comment.VoteComment<br>Parameters: A014A5A11001768D, , 397, 404</td>
<td></td>
<td>0</td>
<td>com.netease.comment.VoteComment@2752f6e2</td></tr>
<tr>
<td title='com.netease.comment.VoteComment.voteComment()'><b>voteComment</b><br>Test class: com.netease.comment.VoteComment<br>Parameters: , eecc698764a1403d846bef6f9a01d90d, 397, 404</td>
<td></td>
<td>0</td>
<td>com.netease.comment.VoteComment@2752f6e2</td></tr>
<tr>
<td title='com.netease.comment.VoteComment.voteComment()'><b>voteComment</b><br>Test class: com.netease.comment.VoteComment<br>Parameters: , , 1, 404</td>
<td></td>
<td>0</td>
<td>com.netease.comment.VoteComment@2752f6e2</td></tr>
</table><p>
</body>
</html>